\BOOKMARK [1][-]{section.1}{INTRODUCTION}{}% 1
\BOOKMARK [2][-]{subsection.1.1}{Purpose of this Document}{section.1}% 2
\BOOKMARK [2][-]{subsection.1.2}{Scope}{section.1}% 3
\BOOKMARK [2][-]{subsection.1.3}{Objectives}{section.1}% 4
\BOOKMARK [1][-]{section.2}{Typical Users}{}% 5
\BOOKMARK [2][-]{subsection.2.1}{Second Year Computer Science Students}{section.2}% 6
\BOOKMARK [1][-]{section.3}{Use Cases}{}% 7
\BOOKMARK [2][-]{subsection.3.1}{Second Year Computer Science Students}{section.3}% 8
\BOOKMARK [3][-]{subsubsection.3.1.1}{Play against a new Grid}{subsection.3.1}% 9
\BOOKMARK [3][-]{subsubsection.3.1.2}{Compete against a saved grid}{subsection.3.1}% 10
\BOOKMARK [3][-]{subsubsection.3.1.3}{Playing the game}{subsection.3.1}% 11
\BOOKMARK [3][-]{subsubsection.3.1.4}{Pausing}{subsection.3.1}% 12
\BOOKMARK [3][-]{subsubsection.3.1.5}{Ending the game}{subsection.3.1}% 13
\BOOKMARK [3][-]{subsubsection.3.1.6}{Save Score}{subsection.3.1}% 14
\BOOKMARK [3][-]{subsubsection.3.1.7}{Save Grid}{subsection.3.1}% 15
\BOOKMARK [3][-]{subsubsection.3.1.8}{View Overall highscore}{subsection.3.1}% 16
\BOOKMARK [3][-]{subsubsection.3.1.9}{View Grid Highscore}{subsection.3.1}% 17
\BOOKMARK [3][-]{subsubsection.3.1.10}{Finding help}{subsection.3.1}% 18
\BOOKMARK [1][-]{section.4}{Error Conditions}{}% 19
\BOOKMARK [1][-]{section.4}{REFERENCES}{}% 20
\BOOKMARK [1][-]{section*.2}{DOCUMENT HISTORY}{}% 21
