\BOOKMARK [1][-]{section.1}{INTRODUCTION}{}% 1
\BOOKMARK [2][-]{subsection.1.1}{Purpose of this Document}{section.1}% 2
\BOOKMARK [2][-]{subsection.1.2}{Scope}{section.1}% 3
\BOOKMARK [2][-]{subsection.1.3}{Objectives}{section.1}% 4
\BOOKMARK [1][-]{section.2}{Typical Users}{}% 5
\BOOKMARK [2][-]{subsection.2.1}{Second Year Computer Science Students}{section.2}% 6
\BOOKMARK [3][-]{subsubsection.2.1.1}{Typical Sceond Year Computer Science Student}{subsection.2.1}% 7
\BOOKMARK [1][-]{section.3}{Use Cases}{}% 8
\BOOKMARK [2][-]{subsection.3.1}{Second Year Computer Science Students}{section.3}% 9
\BOOKMARK [3][-]{subsubsection.3.1.1}{Play against a new Grid}{subsection.3.1}% 10
\BOOKMARK [3][-]{subsubsection.3.1.2}{Compete against a saved grid}{subsection.3.1}% 11
\BOOKMARK [3][-]{subsubsection.3.1.3}{Playing the game}{subsection.3.1}% 12
\BOOKMARK [3][-]{subsubsection.3.1.4}{Pausing}{subsection.3.1}% 13
\BOOKMARK [3][-]{subsubsection.3.1.5}{Ending the game}{subsection.3.1}% 14
\BOOKMARK [3][-]{subsubsection.3.1.6}{Save Score}{subsection.3.1}% 15
\BOOKMARK [3][-]{subsubsection.3.1.7}{Save Grid}{subsection.3.1}% 16
\BOOKMARK [3][-]{subsubsection.3.1.8}{View Overall high score}{subsection.3.1}% 17
\BOOKMARK [3][-]{subsubsection.3.1.9}{View Grid High score}{subsection.3.1}% 18
\BOOKMARK [3][-]{subsubsection.3.1.10}{Finding help}{subsection.3.1}% 19
\BOOKMARK [1][-]{section.4}{Error Conditions}{}% 20
\BOOKMARK [2][-]{subsection.4.1}{Start view}{section.4}% 21
\BOOKMARK [3][-]{subsubsection.4.1.1}{Description}{subsection.4.1}% 22
\BOOKMARK [3][-]{subsubsection.4.1.2}{Possible errors}{subsection.4.1}% 23
\BOOKMARK [2][-]{subsection.4.2}{Load grid view}{section.4}% 24
\BOOKMARK [3][-]{subsubsection.4.2.1}{Description}{subsection.4.2}% 25
\BOOKMARK [3][-]{subsubsection.4.2.2}{Possible errors}{subsection.4.2}% 26
\BOOKMARK [2][-]{subsection.4.3}{High score view}{section.4}% 27
\BOOKMARK [3][-]{subsubsection.4.3.1}{Description}{subsection.4.3}% 28
\BOOKMARK [3][-]{subsubsection.4.3.2}{Possible errors}{subsection.4.3}% 29
\BOOKMARK [2][-]{subsection.4.4}{Settings view}{section.4}% 30
\BOOKMARK [3][-]{subsubsection.4.4.1}{Description}{subsection.4.4}% 31
\BOOKMARK [3][-]{subsubsection.4.4.2}{Possible errors}{subsection.4.4}% 32
\BOOKMARK [2][-]{subsection.4.5}{Help view}{section.4}% 33
\BOOKMARK [3][-]{subsubsection.4.5.1}{Description}{subsection.4.5}% 34
\BOOKMARK [3][-]{subsubsection.4.5.2}{Possible errors}{subsection.4.5}% 35
\BOOKMARK [2][-]{subsection.4.6}{Game view}{section.4}% 36
\BOOKMARK [3][-]{subsubsection.4.6.1}{Description}{subsection.4.6}% 37
\BOOKMARK [3][-]{subsubsection.4.6.2}{Possible errors}{subsection.4.6}% 38
\BOOKMARK [2][-]{subsection.4.7}{Pause overlay}{section.4}% 39
\BOOKMARK [3][-]{subsubsection.4.7.1}{Description}{subsection.4.7}% 40
\BOOKMARK [3][-]{subsubsection.4.7.2}{Possible errors}{subsection.4.7}% 41
\BOOKMARK [2][-]{subsection.4.8}{End overlay}{section.4}% 42
\BOOKMARK [3][-]{subsubsection.4.8.1}{Description}{subsection.4.8}% 43
\BOOKMARK [3][-]{subsubsection.4.8.2}{Possible errors}{subsection.4.8}% 44
\BOOKMARK [1][-]{subsubsection.4.8.2}{REFERENCES}{}% 45
\BOOKMARK [1][-]{section*.2}{DOCUMENT HISTORY}{}% 46
