#
# A fatal error has been detected by the Java Runtime Environment:
#
#  SIGSEGV (0xb) at pc=0x00007fe5455db9f1, pid=21704, tid=21737
#
# JRE version: Java(TM) SE Runtime Environment (9.0+11) (build 9.0.4+11)
# Java VM: Java HotSpot(TM) 64-Bit Server VM (9.0.4+11, mixed mode, tiered, compressed oops, g1 gc, linux-amd64)
# Problematic frame:
# V  [libjvm.so+0x5fc9f1]  Compile::register_intrinsic(CallGenerator*)+0x31
#
# No core dump will be written. Core dumps have been disabled. To enable core dumping, try "ulimit -c unlimited" before starting Java again
#
# If you would like to submit a bug report, please visit:
#   http://bugreport.java.com/bugreport/crash.jsp
#

---------------  S U M M A R Y ------------

Command Line: -javaagent:/opt/idea-IU-173.4548.28/lib/idea_rt.jar=32795:/opt/idea-IU-173.4548.28/bin -Dfile.encoding=UTF-8 cs221.GP01.Main

Host: Intel(R) Core(TM) i5-3570 CPU @ 3.40GHz, 4 cores, 15G, Linux Mint 18.2 Sonya
Time: Sun Feb 25 14:11:46 2018 GMT elapsed time: 0 seconds (0d 0h 0m 0s)

---------------  T H R E A D  ---------------

Current thread (0x00007fe540224000):  JavaThread "C2 CompilerThread1" daemon [_thread_in_native, id=21737, stack(0x00007fe4eef22000,0x00007fe4ef023000)]


Current CompileTask:
C2:    341  547       4       java.lang.AbstractStringBuilder::append (45 bytes)

Stack: [0x00007fe4eef22000,0x00007fe4ef023000],  sp=0x00007fe4ef01f650,  free space=1013k
Native frames: (J=compiled Java code, A=aot compiled Java code, j=interpreted, Vv=VM code, C=native code)
V  [libjvm.so+0x5fc9f1]  Compile::register_intrinsic(CallGenerator*)+0x31
V  [libjvm.so+0x5fcec1]  Compile::find_intrinsic(ciMethod*, bool)+0x121
V  [libjvm.so+0x6f1685]  Compile::call_generator(ciMethod*, int, bool, JVMState*, bool, float, ciKlass*, bool, bool)+0x1d5
V  [libjvm.so+0x6f22cd]  Parse::do_call()+0x1ad
V  [libjvm.so+0xbb3abb]  Parse::do_one_bytecode()+0x375b
V  [libjvm.so+0xba5924]  Parse::do_one_block()+0x224
V  [libjvm.so+0xba5d7a]  Parse::do_all_blocks()+0x11a
V  [libjvm.so+0xba7e9b]  Parse::Parse(JVMState*, ciMethod*, float)+0x82b
V  [libjvm.so+0x535628]  ParseGenerator::generate(JVMState*)+0x88
V  [libjvm.so+0x6f2327]  Parse::do_call()+0x207
V  [libjvm.so+0xbb3abb]  Parse::do_one_bytecode()+0x375b
V  [libjvm.so+0xba5924]  Parse::do_one_block()+0x224
V  [libjvm.so+0xba5d7a]  Parse::do_all_blocks()+0x11a
V  [libjvm.so+0xba7e9b]  Parse::Parse(JVMState*, ciMethod*, float)+0x82b
V  [libjvm.so+0x535628]  ParseGenerator::generate(JVMState*)+0x88
V  [libjvm.so+0x6f2327]  Parse::do_call()+0x207
V  [libjvm.so+0xbb3abb]  Parse::do_one_bytecode()+0x375b
V  [libjvm.so+0xba5924]  Parse::do_one_block()+0x224
V  [libjvm.so+0xba5d7a]  Parse::do_all_blocks()+0x11a
V  [libjvm.so+0xba7e9b]  Parse::Parse(JVMState*, ciMethod*, float)+0x82b
V  [libjvm.so+0x535628]  ParseGenerator::generate(JVMState*)+0x88
V  [libjvm.so+0x60a46a]  Compile::Compile(ciEnv*, C2Compiler*, ciMethod*, int, bool, bool, bool, DirectiveSet*)+0xf1a
V  [libjvm.so+0x534b72]  C2Compiler::compile_method(ciEnv*, ciMethod*, int, DirectiveSet*)+0x1d2
V  [libjvm.so+0x6125ac]  CompileBroker::invoke_compiler_on_method(CompileTask*)+0x41c
V  [libjvm.so+0x61344b]  CompileBroker::compiler_thread_loop()+0x28b
V  [libjvm.so+0xcef338]  JavaThread::thread_main_inner()+0xd8
V  [libjvm.so+0xb6e132]  thread_native_entry(Thread*)+0xf2
C  [libpthread.so.0+0x76ba]  start_thread+0xca


siginfo: si_signo: 11 (SIGSEGV), si_code: 2 (SEGV_ACCERR), si_addr: 0x00007fe546006fa8

Register to memory mapping:

RAX=0x00007fe546006f90: <offset 0x0000000001027f90> in /usr/lib/jvm/java-9-oracle/lib/server/libjvm.so at 0x00007fe544fdf000
RBX=0x00007fe4ef021150 is pointing into the stack for thread: 0x00007fe540224000
RCX=0x000000000000003c is an unknown value
RDX=0x000000000000003c is an unknown value
RSP=0x00007fe4ef01f650 is pointing into the stack for thread: 0x00007fe540224000
RBP=0x00007fe4ef01f6a0 is pointing into the stack for thread: 0x00007fe540224000
RSI=0x00007fe4cc1d7ab8 is an unknown value
RDI=0x00007fe4cc1d78c0 is an unknown value
R8 =0x00007fe4ef021040 is pointing into the stack for thread: 0x00007fe540224000
R9 =0x0000000000000008 is an unknown value
R10=0x00007fe545519240: <offset 0x000000000053a240> in /usr/lib/jvm/java-9-oracle/lib/server/libjvm.so at 0x00007fe544fdf000
R11=0x00007fe5464ebd90: <offset 0x0000000000187d90> in /lib/x86_64-linux-gnu/libc.so.6 at 0x00007fe546364000
R12=0x00007fe4cc1d78c0 is an unknown value
R13=0x00007fe4cc1d71c0 is an unknown value
R14=0x0000000000000000 is an unknown value
R15=0x00007fe4cc1d26d0 is an unknown value


Registers:
RAX=0x00007fe546006f90, RBX=0x00007fe4ef021150, RCX=0x000000000000003c, RDX=0x000000000000003c
RSP=0x00007fe4ef01f650, RBP=0x00007fe4ef01f6a0, RSI=0x00007fe4cc1d7ab8, RDI=0x00007fe4cc1d78c0
R8 =0x00007fe4ef021040, R9 =0x0000000000000008, R10=0x00007fe545519240, R11=0x00007fe5464ebd90
R12=0x00007fe4cc1d78c0, R13=0x00007fe4cc1d71c0, R14=0x0000000000000000, R15=0x00007fe4cc1d26d0
RIP=0x00007fe5455db9f1, EFLAGS=0x0000000000010246, CSGSFS=0x002b000000000033, ERR=0x0000000000000004
  TRAPNO=0x000000000000000e

Top of Stack: (sp=0x00007fe4ef01f650)
0x00007fe4ef01f650:   00007fe4ef958720 00007fe540224000
0x00007fe4ef01f660:   00007fe4ef958720 00007fe4ef021040
0x00007fe4ef01f670:   00007fe4cc1cde90 00007fe4cc1d26d0
0x00007fe4ef01f680:   00007fe4cc1d26d0 00007fe4cc1d71c0 

Instructions: (pc=0x00007fe5455db9f1)
0x00007fe5455db9d1:   f7 53 48 83 ec 28 4c 8b a7 60 01 00 00 4d 85 e4
0x00007fe5455db9e1:   0f 84 51 02 00 00 49 8b 07 4c 8d 15 4f d8 f3 ff
0x00007fe5455db9f1:   48 8b 50 18 31 c0 4c 39 d2 0f 85 00 02 00 00 41
0x00007fe5455dba01:   8b 0c 24 49 8b 77 08 41 89 ce 41 83 ee 01 0f 88 


---------------  P R O C E S S  ---------------

Java Threads: ( => current thread )
  0x00007fe5403e6800 JavaThread "QuantumRenderer-0" daemon [_thread_in_native, id=21753, stack(0x00007fe4ee3f3000,0x00007fe4ee4f4000)]
  0x00007fe540333000 JavaThread "Service Thread" daemon [_thread_blocked, id=21751, stack(0x00007fe4ee5f5000,0x00007fe4ee6f6000)]
  0x00007fe540330000 JavaThread "Monitor Ctrl-Break" daemon [_thread_in_native, id=21750, stack(0x00007fe4ee6f6000,0x00007fe4ee7f7000)]
  0x00007fe54027c800 JavaThread "Common-Cleaner" daemon [_thread_blocked, id=21740, stack(0x00007fe4ee7f7000,0x00007fe4ee8f8000)]
  0x00007fe540228000 JavaThread "Sweeper thread" daemon [_thread_blocked, id=21739, stack(0x00007fe4eed20000,0x00007fe4eee21000)]
  0x00007fe540226000 JavaThread "C1 CompilerThread2" daemon [_thread_blocked, id=21738, stack(0x00007fe4eee21000,0x00007fe4eef22000)]
=>0x00007fe540224000 JavaThread "C2 CompilerThread1" daemon [_thread_in_native, id=21737, stack(0x00007fe4eef22000,0x00007fe4ef023000)]
  0x00007fe540222000 JavaThread "C2 CompilerThread0" daemon [_thread_in_native, id=21736, stack(0x00007fe4ef023000,0x00007fe4ef124000)]
  0x00007fe540220000 JavaThread "Signal Dispatcher" daemon [_thread_blocked, id=21735, stack(0x00007fe4ef124000,0x00007fe4ef225000)]
  0x00007fe540205000 JavaThread "Finalizer" daemon [_thread_blocked, id=21732, stack(0x00007fe4ef4fd000,0x00007fe4ef5fe000)]
  0x00007fe5401fd000 JavaThread "Reference Handler" daemon [_thread_blocked, id=21731, stack(0x00007fe4ef5fe000,0x00007fe4ef6ff000)]
  0x00007fe540013800 JavaThread "main" [_thread_blocked, id=21706, stack(0x00007fe54707b000,0x00007fe54717b000)]

Other Threads:
  0x00007fe5401f3000 VMThread "VM Thread" [stack: 0x00007fe4ef700000,0x00007fe4ef800000] [id=21729]
  0x00007fe540335800 WatcherThread [stack: 0x00007fe4ee4f5000,0x00007fe4ee5f5000] [id=21752]
  0x00007fe54002a800 GCTaskThread "GC Thread#0" [stack: 0x00007fe52501b000,0x00007fe52511b000] [id=21707]
  0x00007fe54002c000 GCTaskThread "GC Thread#1" [stack: 0x00007fe524f1a000,0x00007fe52501a000] [id=21708]
  0x00007fe54002e000 GCTaskThread "GC Thread#2" [stack: 0x00007fe524e19000,0x00007fe524f19000] [id=21709]
  0x00007fe54002f800 GCTaskThread "GC Thread#3" [stack: 0x00007fe524d18000,0x00007fe524e18000] [id=21710]
  0x00007fe54007f800 ConcurrentGCThread "G1 Main Marker" [stack: 0x00007fe524214000,0x00007fe524314000] [id=21716]
  0x00007fe540081000 ConcurrentGCThread "G1 Marker#0" [stack: 0x00007fe524113000,0x00007fe524213000] [id=21717]
  0x00007fe540037000 ConcurrentGCThread "G1 Refine#0" [stack: 0x00007fe524510000,0x00007fe524610000] [id=21714]
  0x00007fe540035000 ConcurrentGCThread "G1 Refine#1" [stack: 0x00007fe524611000,0x00007fe524711000] [id=21713]
  0x00007fe540033800 ConcurrentGCThread "G1 Refine#2" [stack: 0x00007fe524712000,0x00007fe524812000] [id=21712]
  0x00007fe540031800 ConcurrentGCThread "G1 Refine#3" [stack: 0x00007fe524813000,0x00007fe524913000] [id=21711]
  0x00007fe540038800 ConcurrentGCThread "G1 Young RemSet Sampling" [stack: 0x00007fe52440f000,0x00007fe52450f000] [id=21715]

Threads with active compile tasks:
C2 CompilerThread1 547       4       java.lang.AbstractStringBuilder::append (45 bytes)
C2 CompilerThread0 537       4       jdk.internal.org.objectweb.asm.Frame::execute (2252 bytes)

VM state:not at safepoint (normal execution)

VM Mutex/Monitor currently owned by a thread: None

Heap address: 0x00000006c6000000, size: 4000 MB, Compressed Oops mode: Zero based, Oop shift amount: 3
Narrow klass base: 0x0000000000000000, Narrow klass shift: 3
Compressed class space size: 1073741824 Address: 0x00000007c0000000

Heap:
 garbage-first heap   total 256000K, used 7168K [0x00000006c6000000, 0x00000006c61007d0, 0x00000007c0000000)
  region size 1024K, 8 young (8192K), 0 survivors (0K)
 Metaspace       used 8100K, capacity 8464K, committed 8576K, reserved 1056768K
  class space    used 759K, capacity 848K, committed 896K, reserved 1048576K
Heap Regions: E=young(eden), S=young(survivor), O=old, HS=humongous(starts), HC=humongous(continues), CS=collection set, F=free, A=archive, TS=gc time stamp, AC=allocation context, TAMS=top-at-mark-start (previous, next)
|   0|0x00000006c6000000, 0x00000006c6000000, 0x00000006c6100000|  0%| F|  |TS  0|AC  0|TAMS 0x00000006c6000000, 0x00000006c6000000|
|   1|0x00000006c6100000, 0x00000006c6100000, 0x00000006c6200000|  0%| F|  |TS  0|AC  0|TAMS 0x00000006c6100000, 0x00000006c6100000|
|   2|0x00000006c6200000, 0x00000006c6200000, 0x00000006c6300000|  0%| F|  |TS  0|AC  0|TAMS 0x00000006c6200000, 0x00000006c6200000|
|   3|0x00000006c6300000, 0x00000006c6300000, 0x00000006c6400000|  0%| F|  |TS  0|AC  0|TAMS 0x00000006c6300000, 0x00000006c6300000|
|   4|0x00000006c6400000, 0x00000006c6400000, 0x00000006c6500000|  0%| F|  |TS  0|AC  0|TAMS 0x00000006c6400000, 0x00000006c6400000|
|   5|0x00000006c6500000, 0x00000006c6500000, 0x00000006c6600000|  0%| F|  |TS  0|AC  0|TAMS 0x00000006c6500000, 0x00000006c6500000|
|   6|0x00000006c6600000, 0x00000006c6600000, 0x00000006c6700000|  0%| F|  |TS  0|AC  0|TAMS 0x00000006c6600000, 0x00000006c6600000|
|   7|0x00000006c6700000, 0x00000006c6700000, 0x00000006c6800000|  0%| F|  |TS  0|AC  0|TAMS 0x00000006c6700000, 0x00000006c6700000|
|   8|0x00000006c6800000, 0x00000006c6800000, 0x00000006c6900000|  0%| F|  |TS  0|AC  0|TAMS 0x00000006c6800000, 0x00000006c6800000|
|   9|0x00000006c6900000, 0x00000006c6900000, 0x00000006c6a00000|  0%| F|  |TS  0|AC  0|TAMS 0x00000006c6900000, 0x00000006c6900000|
|  10|0x00000006c6a00000, 0x00000006c6a00000, 0x00000006c6b00000|  0%| F|  |TS  0|AC  0|TAMS 0x00000006c6a00000, 0x00000006c6a00000|
|  11|0x00000006c6b00000, 0x00000006c6b00000, 0x00000006c6c00000|  0%| F|  |TS  0|AC  0|TAMS 0x00000006c6b00000, 0x00000006c6b00000|
|  12|0x00000006c6c00000, 0x00000006c6c00000, 0x00000006c6d00000|  0%| F|  |TS  0|AC  0|TAMS 0x00000006c6c00000, 0x00000006c6c00000|
|  13|0x00000006c6d00000, 0x00000006c6d00000, 0x00000006c6e00000|  0%| F|  |TS  0|AC  0|TAMS 0x00000006c6d00000, 0x00000006c6d00000|
|  14|0x00000006c6e00000, 0x00000006c6e00000, 0x00000006c6f00000|  0%| F|  |TS  0|AC  0|TAMS 0x00000006c6e00000, 0x00000006c6e00000|
|  15|0x00000006c6f00000, 0x00000006c6f00000, 0x00000006c7000000|  0%| F|  |TS  0|AC  0|TAMS 0x00000006c6f00000, 0x00000006c6f00000|
|  16|0x00000006c7000000, 0x00000006c7000000, 0x00000006c7100000|  0%| F|  |TS  0|AC  0|TAMS 0x00000006c7000000, 0x00000006c7000000|
|  17|0x00000006c7100000, 0x00000006c7100000, 0x00000006c7200000|  0%| F|  |TS  0|AC  0|TAMS 0x00000006c7100000, 0x00000006c7100000|
|  18|0x00000006c7200000, 0x00000006c7200000, 0x00000006c7300000|  0%| F|  |TS  0|AC  0|TAMS 0x00000006c7200000, 0x00000006c7200000|
|  19|0x00000006c7300000, 0x00000006c7300000, 0x00000006c7400000|  0%| F|  |TS  0|AC  0|TAMS 0x00000006c7300000, 0x00000006c7300000|
|  20|0x00000006c7400000, 0x00000006c7400000, 0x00000006c7500000|  0%| F|  |TS  0|AC  0|TAMS 0x00000006c7400000, 0x00000006c7400000|
|  21|0x00000006c7500000, 0x00000006c7500000, 0x00000006c7600000|  0%| F|  |TS  0|AC  0|TAMS 0x00000006c7500000, 0x00000006c7500000|
|  22|0x00000006c7600000, 0x00000006c7600000, 0x00000006c7700000|  0%| F|  |TS  0|AC  0|TAMS 0x00000006c7600000, 0x00000006c7600000|
|  23|0x00000006c7700000, 0x00000006c7700000, 0x00000006c7800000|  0%| F|  |TS  0|AC  0|TAMS 0x00000006c7700000, 0x00000006c7700000|
|  24|0x00000006c7800000, 0x00000006c7800000, 0x00000006c7900000|  0%| F|  |TS  0|AC  0|TAMS 0x00000006c7800000, 0x00000006c7800000|
|  25|0x00000006c7900000, 0x00000006c7900000, 0x00000006c7a00000|  0%| F|  |TS  0|AC  0|TAMS 0x00000006c7900000, 0x00000006c7900000|
|  26|0x00000006c7a00000, 0x00000006c7a00000, 0x00000006c7b00000|  0%| F|  |TS  0|AC  0|TAMS 0x00000006c7a00000, 0x00000006c7a00000|
|  27|0x00000006c7b00000, 0x00000006c7b00000, 0x00000006c7c00000|  0%| F|  |TS  0|AC  0|TAMS 0x00000006c7b00000, 0x00000006c7b00000|
|  28|0x00000006c7c00000, 0x00000006c7c00000, 0x00000006c7d00000|  0%| F|  |TS  0|AC  0|TAMS 0x00000006c7c00000, 0x00000006c7c00000|
|  29|0x00000006c7d00000, 0x00000006c7d00000, 0x00000006c7e00000|  0%| F|  |TS  0|AC  0|TAMS 0x00000006c7d00000, 0x00000006c7d00000|
|  30|0x00000006c7e00000, 0x00000006c7e00000, 0x00000006c7f00000|  0%| F|  |TS  0|AC  0|TAMS 0x00000006c7e00000, 0x00000006c7e00000|
|  31|0x00000006c7f00000, 0x00000006c7f00000, 0x00000006c8000000|  0%| F|  |TS  0|AC  0|TAMS 0x00000006c7f00000, 0x00000006c7f00000|
|  32|0x00000006c8000000, 0x00000006c8000000, 0x00000006c8100000|  0%| F|  |TS  0|AC  0|TAMS 0x00000006c8000000, 0x00000006c8000000|
|  33|0x00000006c8100000, 0x00000006c8100000, 0x00000006c8200000|  0%| F|  |TS  0|AC  0|TAMS 0x00000006c8100000, 0x00000006c8100000|
|  34|0x00000006c8200000, 0x00000006c8200000, 0x00000006c8300000|  0%| F|  |TS  0|AC  0|TAMS 0x00000006c8200000, 0x00000006c8200000|
|  35|0x00000006c8300000, 0x00000006c8300000, 0x00000006c8400000|  0%| F|  |TS  0|AC  0|TAMS 0x00000006c8300000, 0x00000006c8300000|
|  36|0x00000006c8400000, 0x00000006c8400000, 0x00000006c8500000|  0%| F|  |TS  0|AC  0|TAMS 0x00000006c8400000, 0x00000006c8400000|
|  37|0x00000006c8500000, 0x00000006c8500000, 0x00000006c8600000|  0%| F|  |TS  0|AC  0|TAMS 0x00000006c8500000, 0x00000006c8500000|
|  38|0x00000006c8600000, 0x00000006c8600000, 0x00000006c8700000|  0%| F|  |TS  0|AC  0|TAMS 0x00000006c8600000, 0x00000006c8600000|
|  39|0x00000006c8700000, 0x00000006c8700000, 0x00000006c8800000|  0%| F|  |TS  0|AC  0|TAMS 0x00000006c8700000, 0x00000006c8700000|
|  40|0x00000006c8800000, 0x00000006c8800000, 0x00000006c8900000|  0%| F|  |TS  0|AC  0|TAMS 0x00000006c8800000, 0x00000006c8800000|
|  41|0x00000006c8900000, 0x00000006c8900000, 0x00000006c8a00000|  0%| F|  |TS  0|AC  0|TAMS 0x00000006c8900000, 0x00000006c8900000|
|  42|0x00000006c8a00000, 0x00000006c8a00000, 0x00000006c8b00000|  0%| F|  |TS  0|AC  0|TAMS 0x00000006c8a00000, 0x00000006c8a00000|
|  43|0x00000006c8b00000, 0x00000006c8b00000, 0x00000006c8c00000|  0%| F|  |TS  0|AC  0|TAMS 0x00000006c8b00000, 0x00000006c8b00000|
|  44|0x00000006c8c00000, 0x00000006c8c00000, 0x00000006c8d00000|  0%| F|  |TS  0|AC  0|TAMS 0x00000006c8c00000, 0x00000006c8c00000|
|  45|0x00000006c8d00000, 0x00000006c8d00000, 0x00000006c8e00000|  0%| F|  |TS  0|AC  0|TAMS 0x00000006c8d00000, 0x00000006c8d00000|
|  46|0x00000006c8e00000, 0x00000006c8e00000, 0x00000006c8f00000|  0%| F|  |TS  0|AC  0|TAMS 0x00000006c8e00000, 0x00000006c8e00000|
|  47|0x00000006c8f00000, 0x00000006c8f00000, 0x00000006c9000000|  0%| F|  |TS  0|AC  0|TAMS 0x00000006c8f00000, 0x00000006c8f00000|
|  48|0x00000006c9000000, 0x00000006c9000000, 0x00000006c9100000|  0%| F|  |TS  0|AC  0|TAMS 0x00000006c9000000, 0x00000006c9000000|
|  49|0x00000006c9100000, 0x00000006c9100000, 0x00000006c9200000|  0%| F|  |TS  0|AC  0|TAMS 0x00000006c9100000, 0x00000006c9100000|
|  50|0x00000006c9200000, 0x00000006c9200000, 0x00000006c9300000|  0%| F|  |TS  0|AC  0|TAMS 0x00000006c9200000, 0x00000006c9200000|
|  51|0x00000006c9300000, 0x00000006c9300000, 0x00000006c9400000|  0%| F|  |TS  0|AC  0|TAMS 0x00000006c9300000, 0x00000006c9300000|
|  52|0x00000006c9400000, 0x00000006c9400000, 0x00000006c9500000|  0%| F|  |TS  0|AC  0|TAMS 0x00000006c9400000, 0x00000006c9400000|
|  53|0x00000006c9500000, 0x00000006c9500000, 0x00000006c9600000|  0%| F|  |TS  0|AC  0|TAMS 0x00000006c9500000, 0x00000006c9500000|
|  54|0x00000006c9600000, 0x00000006c9600000, 0x00000006c9700000|  0%| F|  |TS  0|AC  0|TAMS 0x00000006c9600000, 0x00000006c9600000|
|  55|0x00000006c9700000, 0x00000006c9700000, 0x00000006c9800000|  0%| F|  |TS  0|AC  0|TAMS 0x00000006c9700000, 0x00000006c9700000|
|  56|0x00000006c9800000, 0x00000006c9800000, 0x00000006c9900000|  0%| F|  |TS  0|AC  0|TAMS 0x00000006c9800000, 0x00000006c9800000|
|  57|0x00000006c9900000, 0x00000006c9900000, 0x00000006c9a00000|  0%| F|  |TS  0|AC  0|TAMS 0x00000006c9900000, 0x00000006c9900000|
|  58|0x00000006c9a00000, 0x00000006c9a00000, 0x00000006c9b00000|  0%| F|  |TS  0|AC  0|TAMS 0x00000006c9a00000, 0x00000006c9a00000|
|  59|0x00000006c9b00000, 0x00000006c9b00000, 0x00000006c9c00000|  0%| F|  |TS  0|AC  0|TAMS 0x00000006c9b00000, 0x00000006c9b00000|
|  60|0x00000006c9c00000, 0x00000006c9c00000, 0x00000006c9d00000|  0%| F|  |TS  0|AC  0|TAMS 0x00000006c9c00000, 0x00000006c9c00000|
|  61|0x00000006c9d00000, 0x00000006c9d00000, 0x00000006c9e00000|  0%| F|  |TS  0|AC  0|TAMS 0x00000006c9d00000, 0x00000006c9d00000|
|  62|0x00000006c9e00000, 0x00000006c9e00000, 0x00000006c9f00000|  0%| F|  |TS  0|AC  0|TAMS 0x00000006c9e00000, 0x00000006c9e00000|
|  63|0x00000006c9f00000, 0x00000006c9f00000, 0x00000006ca000000|  0%| F|  |TS  0|AC  0|TAMS 0x00000006c9f00000, 0x00000006c9f00000|
|  64|0x00000006ca000000, 0x00000006ca000000, 0x00000006ca100000|  0%| F|  |TS  0|AC  0|TAMS 0x00000006ca000000, 0x00000006ca000000|
|  65|0x00000006ca100000, 0x00000006ca100000, 0x00000006ca200000|  0%| F|  |TS  0|AC  0|TAMS 0x00000006ca100000, 0x00000006ca100000|
|  66|0x00000006ca200000, 0x00000006ca200000, 0x00000006ca300000|  0%| F|  |TS  0|AC  0|TAMS 0x00000006ca200000, 0x00000006ca200000|
|  67|0x00000006ca300000, 0x00000006ca300000, 0x00000006ca400000|  0%| F|  |TS  0|AC  0|TAMS 0x00000006ca300000, 0x00000006ca300000|
|  68|0x00000006ca400000, 0x00000006ca400000, 0x00000006ca500000|  0%| F|  |TS  0|AC  0|TAMS 0x00000006ca400000, 0x00000006ca400000|
|  69|0x00000006ca500000, 0x00000006ca500000, 0x00000006ca600000|  0%| F|  |TS  0|AC  0|TAMS 0x00000006ca500000, 0x00000006ca500000|
|  70|0x00000006ca600000, 0x00000006ca600000, 0x00000006ca700000|  0%| F|  |TS  0|AC  0|TAMS 0x00000006ca600000, 0x00000006ca600000|
|  71|0x00000006ca700000, 0x00000006ca700000, 0x00000006ca800000|  0%| F|  |TS  0|AC  0|TAMS 0x00000006ca700000, 0x00000006ca700000|
|  72|0x00000006ca800000, 0x00000006ca800000, 0x00000006ca900000|  0%| F|  |TS  0|AC  0|TAMS 0x00000006ca800000, 0x00000006ca800000|
|  73|0x00000006ca900000, 0x00000006ca900000, 0x00000006caa00000|  0%| F|  |TS  0|AC  0|TAMS 0x00000006ca900000, 0x00000006ca900000|
|  74|0x00000006caa00000, 0x00000006caa00000, 0x00000006cab00000|  0%| F|  |TS  0|AC  0|TAMS 0x00000006caa00000, 0x00000006caa00000|
|  75|0x00000006cab00000, 0x00000006cab00000, 0x00000006cac00000|  0%| F|  |TS  0|AC  0|TAMS 0x00000006cab00000, 0x00000006cab00000|
|  76|0x00000006cac00000, 0x00000006cac00000, 0x00000006cad00000|  0%| F|  |TS  0|AC  0|TAMS 0x00000006cac00000, 0x00000006cac00000|
|  77|0x00000006cad00000, 0x00000006cad00000, 0x00000006cae00000|  0%| F|  |TS  0|AC  0|TAMS 0x00000006cad00000, 0x00000006cad00000|
|  78|0x00000006cae00000, 0x00000006cae00000, 0x00000006caf00000|  0%| F|  |TS  0|AC  0|TAMS 0x00000006cae00000, 0x00000006cae00000|
|  79|0x00000006caf00000, 0x00000006caf00000, 0x00000006cb000000|  0%| F|  |TS  0|AC  0|TAMS 0x00000006caf00000, 0x00000006caf00000|
|  80|0x00000006cb000000, 0x00000006cb000000, 0x00000006cb100000|  0%| F|  |TS  0|AC  0|TAMS 0x00000006cb000000, 0x00000006cb000000|
|  81|0x00000006cb100000, 0x00000006cb100000, 0x00000006cb200000|  0%| F|  |TS  0|AC  0|TAMS 0x00000006cb100000, 0x00000006cb100000|
|  82|0x00000006cb200000, 0x00000006cb200000, 0x00000006cb300000|  0%| F|  |TS  0|AC  0|TAMS 0x00000006cb200000, 0x00000006cb200000|
|  83|0x00000006cb300000, 0x00000006cb300000, 0x00000006cb400000|  0%| F|  |TS  0|AC  0|TAMS 0x00000006cb300000, 0x00000006cb300000|
|  84|0x00000006cb400000, 0x00000006cb400000, 0x00000006cb500000|  0%| F|  |TS  0|AC  0|TAMS 0x00000006cb400000, 0x00000006cb400000|
|  85|0x00000006cb500000, 0x00000006cb500000, 0x00000006cb600000|  0%| F|  |TS  0|AC  0|TAMS 0x00000006cb500000, 0x00000006cb500000|
|  86|0x00000006cb600000, 0x00000006cb600000, 0x00000006cb700000|  0%| F|  |TS  0|AC  0|TAMS 0x00000006cb600000, 0x00000006cb600000|
|  87|0x00000006cb700000, 0x00000006cb700000, 0x00000006cb800000|  0%| F|  |TS  0|AC  0|TAMS 0x00000006cb700000, 0x00000006cb700000|
|  88|0x00000006cb800000, 0x00000006cb800000, 0x00000006cb900000|  0%| F|  |TS  0|AC  0|TAMS 0x00000006cb800000, 0x00000006cb800000|
|  89|0x00000006cb900000, 0x00000006cb900000, 0x00000006cba00000|  0%| F|  |TS  0|AC  0|TAMS 0x00000006cb900000, 0x00000006cb900000|
|  90|0x00000006cba00000, 0x00000006cba00000, 0x00000006cbb00000|  0%| F|  |TS  0|AC  0|TAMS 0x00000006cba00000, 0x00000006cba00000|
|  91|0x00000006cbb00000, 0x00000006cbb00000, 0x00000006cbc00000|  0%| F|  |TS  0|AC  0|TAMS 0x00000006cbb00000, 0x00000006cbb00000|
|  92|0x00000006cbc00000, 0x00000006cbc00000, 0x00000006cbd00000|  0%| F|  |TS  0|AC  0|TAMS 0x00000006cbc00000, 0x00000006cbc00000|
|  93|0x00000006cbd00000, 0x00000006cbd00000, 0x00000006cbe00000|  0%| F|  |TS  0|AC  0|TAMS 0x00000006cbd00000, 0x00000006cbd00000|
|  94|0x00000006cbe00000, 0x00000006cbe00000, 0x00000006cbf00000|  0%| F|  |TS  0|AC  0|TAMS 0x00000006cbe00000, 0x00000006cbe00000|
|  95|0x00000006cbf00000, 0x00000006cbf00000, 0x00000006cc000000|  0%| F|  |TS  0|AC  0|TAMS 0x00000006cbf00000, 0x00000006cbf00000|
|  96|0x00000006cc000000, 0x00000006cc000000, 0x00000006cc100000|  0%| F|  |TS  0|AC  0|TAMS 0x00000006cc000000, 0x00000006cc000000|
|  97|0x00000006cc100000, 0x00000006cc100000, 0x00000006cc200000|  0%| F|  |TS  0|AC  0|TAMS 0x00000006cc100000, 0x00000006cc100000|
|  98|0x00000006cc200000, 0x00000006cc200000, 0x00000006cc300000|  0%| F|  |TS  0|AC  0|TAMS 0x00000006cc200000, 0x00000006cc200000|
|  99|0x00000006cc300000, 0x00000006cc300000, 0x00000006cc400000|  0%| F|  |TS  0|AC  0|TAMS 0x00000006cc300000, 0x00000006cc300000|
| 100|0x00000006cc400000, 0x00000006cc400000, 0x00000006cc500000|  0%| F|  |TS  0|AC  0|TAMS 0x00000006cc400000, 0x00000006cc400000|
| 101|0x00000006cc500000, 0x00000006cc500000, 0x00000006cc600000|  0%| F|  |TS  0|AC  0|TAMS 0x00000006cc500000, 0x00000006cc500000|
| 102|0x00000006cc600000, 0x00000006cc600000, 0x00000006cc700000|  0%| F|  |TS  0|AC  0|TAMS 0x00000006cc600000, 0x00000006cc600000|
| 103|0x00000006cc700000, 0x00000006cc700000, 0x00000006cc800000|  0%| F|  |TS  0|AC  0|TAMS 0x00000006cc700000, 0x00000006cc700000|
| 104|0x00000006cc800000, 0x00000006cc800000, 0x00000006cc900000|  0%| F|  |TS  0|AC  0|TAMS 0x00000006cc800000, 0x00000006cc800000|
| 105|0x00000006cc900000, 0x00000006cc900000, 0x00000006cca00000|  0%| F|  |TS  0|AC  0|TAMS 0x00000006cc900000, 0x00000006cc900000|
| 106|0x00000006cca00000, 0x00000006cca00000, 0x00000006ccb00000|  0%| F|  |TS  0|AC  0|TAMS 0x00000006cca00000, 0x00000006cca00000|
| 107|0x00000006ccb00000, 0x00000006ccb00000, 0x00000006ccc00000|  0%| F|  |TS  0|AC  0|TAMS 0x00000006ccb00000, 0x00000006ccb00000|
| 108|0x00000006ccc00000, 0x00000006ccc00000, 0x00000006ccd00000|  0%| F|  |TS  0|AC  0|TAMS 0x00000006ccc00000, 0x00000006ccc00000|
| 109|0x00000006ccd00000, 0x00000006ccd00000, 0x00000006cce00000|  0%| F|  |TS  0|AC  0|TAMS 0x00000006ccd00000, 0x00000006ccd00000|
| 110|0x00000006cce00000, 0x00000006cce00000, 0x00000006ccf00000|  0%| F|  |TS  0|AC  0|TAMS 0x00000006cce00000, 0x00000006cce00000|
| 111|0x00000006ccf00000, 0x00000006ccf00000, 0x00000006cd000000|  0%| F|  |TS  0|AC  0|TAMS 0x00000006ccf00000, 0x00000006ccf00000|
| 112|0x00000006cd000000, 0x00000006cd000000, 0x00000006cd100000|  0%| F|  |TS  0|AC  0|TAMS 0x00000006cd000000, 0x00000006cd000000|
| 113|0x00000006cd100000, 0x00000006cd100000, 0x00000006cd200000|  0%| F|  |TS  0|AC  0|TAMS 0x00000006cd100000, 0x00000006cd100000|
| 114|0x00000006cd200000, 0x00000006cd200000, 0x00000006cd300000|  0%| F|  |TS  0|AC  0|TAMS 0x00000006cd200000, 0x00000006cd200000|
| 115|0x00000006cd300000, 0x00000006cd300000, 0x00000006cd400000|  0%| F|  |TS  0|AC  0|TAMS 0x00000006cd300000, 0x00000006cd300000|
| 116|0x00000006cd400000, 0x00000006cd400000, 0x00000006cd500000|  0%| F|  |TS  0|AC  0|TAMS 0x00000006cd400000, 0x00000006cd400000|
| 117|0x00000006cd500000, 0x00000006cd500000, 0x00000006cd600000|  0%| F|  |TS  0|AC  0|TAMS 0x00000006cd500000, 0x00000006cd500000|
| 118|0x00000006cd600000, 0x00000006cd600000, 0x00000006cd700000|  0%| F|  |TS  0|AC  0|TAMS 0x00000006cd600000, 0x00000006cd600000|
| 119|0x00000006cd700000, 0x00000006cd700000, 0x00000006cd800000|  0%| F|  |TS  0|AC  0|TAMS 0x00000006cd700000, 0x00000006cd700000|
| 120|0x00000006cd800000, 0x00000006cd800000, 0x00000006cd900000|  0%| F|  |TS  0|AC  0|TAMS 0x00000006cd800000, 0x00000006cd800000|
| 121|0x00000006cd900000, 0x00000006cd900000, 0x00000006cda00000|  0%| F|  |TS  0|AC  0|TAMS 0x00000006cd900000, 0x00000006cd900000|
| 122|0x00000006cda00000, 0x00000006cda00000, 0x00000006cdb00000|  0%| F|  |TS  0|AC  0|TAMS 0x00000006cda00000, 0x00000006cda00000|
| 123|0x00000006cdb00000, 0x00000006cdb00000, 0x00000006cdc00000|  0%| F|  |TS  0|AC  0|TAMS 0x00000006cdb00000, 0x00000006cdb00000|
| 124|0x00000006cdc00000, 0x00000006cdc00000, 0x00000006cdd00000|  0%| F|  |TS  0|AC  0|TAMS 0x00000006cdc00000, 0x00000006cdc00000|
| 125|0x00000006cdd00000, 0x00000006cdd00000, 0x00000006cde00000|  0%| F|  |TS  0|AC  0|TAMS 0x00000006cdd00000, 0x00000006cdd00000|
| 126|0x00000006cde00000, 0x00000006cde00000, 0x00000006cdf00000|  0%| F|  |TS  0|AC  0|TAMS 0x00000006cde00000, 0x00000006cde00000|
| 127|0x00000006cdf00000, 0x00000006cdf00000, 0x00000006ce000000|  0%| F|  |TS  0|AC  0|TAMS 0x00000006cdf00000, 0x00000006cdf00000|
| 128|0x00000006ce000000, 0x00000006ce000000, 0x00000006ce100000|  0%| F|  |TS  0|AC  0|TAMS 0x00000006ce000000, 0x00000006ce000000|
| 129|0x00000006ce100000, 0x00000006ce100000, 0x00000006ce200000|  0%| F|  |TS  0|AC  0|TAMS 0x00000006ce100000, 0x00000006ce100000|
| 130|0x00000006ce200000, 0x00000006ce200000, 0x00000006ce300000|  0%| F|  |TS  0|AC  0|TAMS 0x00000006ce200000, 0x00000006ce200000|
| 131|0x00000006ce300000, 0x00000006ce300000, 0x00000006ce400000|  0%| F|  |TS  0|AC  0|TAMS 0x00000006ce300000, 0x00000006ce300000|
| 132|0x00000006ce400000, 0x00000006ce400000, 0x00000006ce500000|  0%| F|  |TS  0|AC  0|TAMS 0x00000006ce400000, 0x00000006ce400000|
| 133|0x00000006ce500000, 0x00000006ce500000, 0x00000006ce600000|  0%| F|  |TS  0|AC  0|TAMS 0x00000006ce500000, 0x00000006ce500000|
| 134|0x00000006ce600000, 0x00000006ce600000, 0x00000006ce700000|  0%| F|  |TS  0|AC  0|TAMS 0x00000006ce600000, 0x00000006ce600000|
| 135|0x00000006ce700000, 0x00000006ce700000, 0x00000006ce800000|  0%| F|  |TS  0|AC  0|TAMS 0x00000006ce700000, 0x00000006ce700000|
| 136|0x00000006ce800000, 0x00000006ce800000, 0x00000006ce900000|  0%| F|  |TS  0|AC  0|TAMS 0x00000006ce800000, 0x00000006ce800000|
| 137|0x00000006ce900000, 0x00000006ce900000, 0x00000006cea00000|  0%| F|  |TS  0|AC  0|TAMS 0x00000006ce900000, 0x00000006ce900000|
| 138|0x00000006cea00000, 0x00000006cea00000, 0x00000006ceb00000|  0%| F|  |TS  0|AC  0|TAMS 0x00000006cea00000, 0x00000006cea00000|
| 139|0x00000006ceb00000, 0x00000006ceb00000, 0x00000006cec00000|  0%| F|  |TS  0|AC  0|TAMS 0x00000006ceb00000, 0x00000006ceb00000|
| 140|0x00000006cec00000, 0x00000006cec00000, 0x00000006ced00000|  0%| F|  |TS  0|AC  0|TAMS 0x00000006cec00000, 0x00000006cec00000|
| 141|0x00000006ced00000, 0x00000006ced00000, 0x00000006cee00000|  0%| F|  |TS  0|AC  0|TAMS 0x00000006ced00000, 0x00000006ced00000|
| 142|0x00000006cee00000, 0x00000006cee00000, 0x00000006cef00000|  0%| F|  |TS  0|AC  0|TAMS 0x00000006cee00000, 0x00000006cee00000|
| 143|0x00000006cef00000, 0x00000006cef00000, 0x00000006cf000000|  0%| F|  |TS  0|AC  0|TAMS 0x00000006cef00000, 0x00000006cef00000|
| 144|0x00000006cf000000, 0x00000006cf000000, 0x00000006cf100000|  0%| F|  |TS  0|AC  0|TAMS 0x00000006cf000000, 0x00000006cf000000|
| 145|0x00000006cf100000, 0x00000006cf100000, 0x00000006cf200000|  0%| F|  |TS  0|AC  0|TAMS 0x00000006cf100000, 0x00000006cf100000|
| 146|0x00000006cf200000, 0x00000006cf200000, 0x00000006cf300000|  0%| F|  |TS  0|AC  0|TAMS 0x00000006cf200000, 0x00000006cf200000|
| 147|0x00000006cf300000, 0x00000006cf300000, 0x00000006cf400000|  0%| F|  |TS  0|AC  0|TAMS 0x00000006cf300000, 0x00000006cf300000|
| 148|0x00000006cf400000, 0x00000006cf400000, 0x00000006cf500000|  0%| F|  |TS  0|AC  0|TAMS 0x00000006cf400000, 0x00000006cf400000|
| 149|0x00000006cf500000, 0x00000006cf500000, 0x00000006cf600000|  0%| F|  |TS  0|AC  0|TAMS 0x00000006cf500000, 0x00000006cf500000|
| 150|0x00000006cf600000, 0x00000006cf600000, 0x00000006cf700000|  0%| F|  |TS  0|AC  0|TAMS 0x00000006cf600000, 0x00000006cf600000|
| 151|0x00000006cf700000, 0x00000006cf700000, 0x00000006cf800000|  0%| F|  |TS  0|AC  0|TAMS 0x00000006cf700000, 0x00000006cf700000|
| 152|0x00000006cf800000, 0x00000006cf800000, 0x00000006cf900000|  0%| F|  |TS  0|AC  0|TAMS 0x00000006cf800000, 0x00000006cf800000|
| 153|0x00000006cf900000, 0x00000006cf900000, 0x00000006cfa00000|  0%| F|  |TS  0|AC  0|TAMS 0x00000006cf900000, 0x00000006cf900000|
| 154|0x00000006cfa00000, 0x00000006cfa00000, 0x00000006cfb00000|  0%| F|  |TS  0|AC  0|TAMS 0x00000006cfa00000, 0x00000006cfa00000|
| 155|0x00000006cfb00000, 0x00000006cfb00000, 0x00000006cfc00000|  0%| F|  |TS  0|AC  0|TAMS 0x00000006cfb00000, 0x00000006cfb00000|
| 156|0x00000006cfc00000, 0x00000006cfc00000, 0x00000006cfd00000|  0%| F|  |TS  0|AC  0|TAMS 0x00000006cfc00000, 0x00000006cfc00000|
| 157|0x00000006cfd00000, 0x00000006cfd00000, 0x00000006cfe00000|  0%| F|  |TS  0|AC  0|TAMS 0x00000006cfd00000, 0x00000006cfd00000|
| 158|0x00000006cfe00000, 0x00000006cfe00000, 0x00000006cff00000|  0%| F|  |TS  0|AC  0|TAMS 0x00000006cfe00000, 0x00000006cfe00000|
| 159|0x00000006cff00000, 0x00000006cff00000, 0x00000006d0000000|  0%| F|  |TS  0|AC  0|TAMS 0x00000006cff00000, 0x00000006cff00000|
| 160|0x00000006d0000000, 0x00000006d0000000, 0x00000006d0100000|  0%| F|  |TS  0|AC  0|TAMS 0x00000006d0000000, 0x00000006d0000000|
| 161|0x00000006d0100000, 0x00000006d0100000, 0x00000006d0200000|  0%| F|  |TS  0|AC  0|TAMS 0x00000006d0100000, 0x00000006d0100000|
| 162|0x00000006d0200000, 0x00000006d0200000, 0x00000006d0300000|  0%| F|  |TS  0|AC  0|TAMS 0x00000006d0200000, 0x00000006d0200000|
| 163|0x00000006d0300000, 0x00000006d0300000, 0x00000006d0400000|  0%| F|  |TS  0|AC  0|TAMS 0x00000006d0300000, 0x00000006d0300000|
| 164|0x00000006d0400000, 0x00000006d0400000, 0x00000006d0500000|  0%| F|  |TS  0|AC  0|TAMS 0x00000006d0400000, 0x00000006d0400000|
| 165|0x00000006d0500000, 0x00000006d0500000, 0x00000006d0600000|  0%| F|  |TS  0|AC  0|TAMS 0x00000006d0500000, 0x00000006d0500000|
| 166|0x00000006d0600000, 0x00000006d0600000, 0x00000006d0700000|  0%| F|  |TS  0|AC  0|TAMS 0x00000006d0600000, 0x00000006d0600000|
| 167|0x00000006d0700000, 0x00000006d0700000, 0x00000006d0800000|  0%| F|  |TS  0|AC  0|TAMS 0x00000006d0700000, 0x00000006d0700000|
| 168|0x00000006d0800000, 0x00000006d0800000, 0x00000006d0900000|  0%| F|  |TS  0|AC  0|TAMS 0x00000006d0800000, 0x00000006d0800000|
| 169|0x00000006d0900000, 0x00000006d0900000, 0x00000006d0a00000|  0%| F|  |TS  0|AC  0|TAMS 0x00000006d0900000, 0x00000006d0900000|
| 170|0x00000006d0a00000, 0x00000006d0a00000, 0x00000006d0b00000|  0%| F|  |TS  0|AC  0|TAMS 0x00000006d0a00000, 0x00000006d0a00000|
| 171|0x00000006d0b00000, 0x00000006d0b00000, 0x00000006d0c00000|  0%| F|  |TS  0|AC  0|TAMS 0x00000006d0b00000, 0x00000006d0b00000|
| 172|0x00000006d0c00000, 0x00000006d0c00000, 0x00000006d0d00000|  0%| F|  |TS  0|AC  0|TAMS 0x00000006d0c00000, 0x00000006d0c00000|
| 173|0x00000006d0d00000, 0x00000006d0d00000, 0x00000006d0e00000|  0%| F|  |TS  0|AC  0|TAMS 0x00000006d0d00000, 0x00000006d0d00000|
| 174|0x00000006d0e00000, 0x00000006d0e00000, 0x00000006d0f00000|  0%| F|  |TS  0|AC  0|TAMS 0x00000006d0e00000, 0x00000006d0e00000|
| 175|0x00000006d0f00000, 0x00000006d0f00000, 0x00000006d1000000|  0%| F|  |TS  0|AC  0|TAMS 0x00000006d0f00000, 0x00000006d0f00000|
| 176|0x00000006d1000000, 0x00000006d1000000, 0x00000006d1100000|  0%| F|  |TS  0|AC  0|TAMS 0x00000006d1000000, 0x00000006d1000000|
| 177|0x00000006d1100000, 0x00000006d1100000, 0x00000006d1200000|  0%| F|  |TS  0|AC  0|TAMS 0x00000006d1100000, 0x00000006d1100000|
| 178|0x00000006d1200000, 0x00000006d1200000, 0x00000006d1300000|  0%| F|  |TS  0|AC  0|TAMS 0x00000006d1200000, 0x00000006d1200000|
| 179|0x00000006d1300000, 0x00000006d1300000, 0x00000006d1400000|  0%| F|  |TS  0|AC  0|TAMS 0x00000006d1300000, 0x00000006d1300000|
| 180|0x00000006d1400000, 0x00000006d1400000, 0x00000006d1500000|  0%| F|  |TS  0|AC  0|TAMS 0x00000006d1400000, 0x00000006d1400000|
| 181|0x00000006d1500000, 0x00000006d1500000, 0x00000006d1600000|  0%| F|  |TS  0|AC  0|TAMS 0x00000006d1500000, 0x00000006d1500000|
| 182|0x00000006d1600000, 0x00000006d1600000, 0x00000006d1700000|  0%| F|  |TS  0|AC  0|TAMS 0x00000006d1600000, 0x00000006d1600000|
| 183|0x00000006d1700000, 0x00000006d1700000, 0x00000006d1800000|  0%| F|  |TS  0|AC  0|TAMS 0x00000006d1700000, 0x00000006d1700000|
| 184|0x00000006d1800000, 0x00000006d1800000, 0x00000006d1900000|  0%| F|  |TS  0|AC  0|TAMS 0x00000006d1800000, 0x00000006d1800000|
| 185|0x00000006d1900000, 0x00000006d1900000, 0x00000006d1a00000|  0%| F|  |TS  0|AC  0|TAMS 0x00000006d1900000, 0x00000006d1900000|
| 186|0x00000006d1a00000, 0x00000006d1a00000, 0x00000006d1b00000|  0%| F|  |TS  0|AC  0|TAMS 0x00000006d1a00000, 0x00000006d1a00000|
| 187|0x00000006d1b00000, 0x00000006d1b00000, 0x00000006d1c00000|  0%| F|  |TS  0|AC  0|TAMS 0x00000006d1b00000, 0x00000006d1b00000|
| 188|0x00000006d1c00000, 0x00000006d1c00000, 0x00000006d1d00000|  0%| F|  |TS  0|AC  0|TAMS 0x00000006d1c00000, 0x00000006d1c00000|
| 189|0x00000006d1d00000, 0x00000006d1d00000, 0x00000006d1e00000|  0%| F|  |TS  0|AC  0|TAMS 0x00000006d1d00000, 0x00000006d1d00000|
| 190|0x00000006d1e00000, 0x00000006d1e00000, 0x00000006d1f00000|  0%| F|  |TS  0|AC  0|TAMS 0x00000006d1e00000, 0x00000006d1e00000|
| 191|0x00000006d1f00000, 0x00000006d1f00000, 0x00000006d2000000|  0%| F|  |TS  0|AC  0|TAMS 0x00000006d1f00000, 0x00000006d1f00000|
| 192|0x00000006d2000000, 0x00000006d2000000, 0x00000006d2100000|  0%| F|  |TS  0|AC  0|TAMS 0x00000006d2000000, 0x00000006d2000000|
| 193|0x00000006d2100000, 0x00000006d2100000, 0x00000006d2200000|  0%| F|  |TS  0|AC  0|TAMS 0x00000006d2100000, 0x00000006d2100000|
| 194|0x00000006d2200000, 0x00000006d2200000, 0x00000006d2300000|  0%| F|  |TS  0|AC  0|TAMS 0x00000006d2200000, 0x00000006d2200000|
| 195|0x00000006d2300000, 0x00000006d2300000, 0x00000006d2400000|  0%| F|  |TS  0|AC  0|TAMS 0x00000006d2300000, 0x00000006d2300000|
| 196|0x00000006d2400000, 0x00000006d2400000, 0x00000006d2500000|  0%| F|  |TS  0|AC  0|TAMS 0x00000006d2400000, 0x00000006d2400000|
| 197|0x00000006d2500000, 0x00000006d2500000, 0x00000006d2600000|  0%| F|  |TS  0|AC  0|TAMS 0x00000006d2500000, 0x00000006d2500000|
| 198|0x00000006d2600000, 0x00000006d2600000, 0x00000006d2700000|  0%| F|  |TS  0|AC  0|TAMS 0x00000006d2600000, 0x00000006d2600000|
| 199|0x00000006d2700000, 0x00000006d2700000, 0x00000006d2800000|  0%| F|  |TS  0|AC  0|TAMS 0x00000006d2700000, 0x00000006d2700000|
| 200|0x00000006d2800000, 0x00000006d2800000, 0x00000006d2900000|  0%| F|  |TS  0|AC  0|TAMS 0x00000006d2800000, 0x00000006d2800000|
| 201|0x00000006d2900000, 0x00000006d2900000, 0x00000006d2a00000|  0%| F|  |TS  0|AC  0|TAMS 0x00000006d2900000, 0x00000006d2900000|
| 202|0x00000006d2a00000, 0x00000006d2a00000, 0x00000006d2b00000|  0%| F|  |TS  0|AC  0|TAMS 0x00000006d2a00000, 0x00000006d2a00000|
| 203|0x00000006d2b00000, 0x00000006d2b00000, 0x00000006d2c00000|  0%| F|  |TS  0|AC  0|TAMS 0x00000006d2b00000, 0x00000006d2b00000|
| 204|0x00000006d2c00000, 0x00000006d2c00000, 0x00000006d2d00000|  0%| F|  |TS  0|AC  0|TAMS 0x00000006d2c00000, 0x00000006d2c00000|
| 205|0x00000006d2d00000, 0x00000006d2d00000, 0x00000006d2e00000|  0%| F|  |TS  0|AC  0|TAMS 0x00000006d2d00000, 0x00000006d2d00000|
| 206|0x00000006d2e00000, 0x00000006d2e00000, 0x00000006d2f00000|  0%| F|  |TS  0|AC  0|TAMS 0x00000006d2e00000, 0x00000006d2e00000|
| 207|0x00000006d2f00000, 0x00000006d2f00000, 0x00000006d3000000|  0%| F|  |TS  0|AC  0|TAMS 0x00000006d2f00000, 0x00000006d2f00000|
| 208|0x00000006d3000000, 0x00000006d3000000, 0x00000006d3100000|  0%| F|  |TS  0|AC  0|TAMS 0x00000006d3000000, 0x00000006d3000000|
| 209|0x00000006d3100000, 0x00000006d3100000, 0x00000006d3200000|  0%| F|  |TS  0|AC  0|TAMS 0x00000006d3100000, 0x00000006d3100000|
| 210|0x00000006d3200000, 0x00000006d3200000, 0x00000006d3300000|  0%| F|  |TS  0|AC  0|TAMS 0x00000006d3200000, 0x00000006d3200000|
| 211|0x00000006d3300000, 0x00000006d3300000, 0x00000006d3400000|  0%| F|  |TS  0|AC  0|TAMS 0x00000006d3300000, 0x00000006d3300000|
| 212|0x00000006d3400000, 0x00000006d3400000, 0x00000006d3500000|  0%| F|  |TS  0|AC  0|TAMS 0x00000006d3400000, 0x00000006d3400000|
| 213|0x00000006d3500000, 0x00000006d3500000, 0x00000006d3600000|  0%| F|  |TS  0|AC  0|TAMS 0x00000006d3500000, 0x00000006d3500000|
| 214|0x00000006d3600000, 0x00000006d3600000, 0x00000006d3700000|  0%| F|  |TS  0|AC  0|TAMS 0x00000006d3600000, 0x00000006d3600000|
| 215|0x00000006d3700000, 0x00000006d3700000, 0x00000006d3800000|  0%| F|  |TS  0|AC  0|TAMS 0x00000006d3700000, 0x00000006d3700000|
| 216|0x00000006d3800000, 0x00000006d3800000, 0x00000006d3900000|  0%| F|  |TS  0|AC  0|TAMS 0x00000006d3800000, 0x00000006d3800000|
| 217|0x00000006d3900000, 0x00000006d3900000, 0x00000006d3a00000|  0%| F|  |TS  0|AC  0|TAMS 0x00000006d3900000, 0x00000006d3900000|
| 218|0x00000006d3a00000, 0x00000006d3a00000, 0x00000006d3b00000|  0%| F|  |TS  0|AC  0|TAMS 0x00000006d3a00000, 0x00000006d3a00000|
| 219|0x00000006d3b00000, 0x00000006d3b00000, 0x00000006d3c00000|  0%| F|  |TS  0|AC  0|TAMS 0x00000006d3b00000, 0x00000006d3b00000|
| 220|0x00000006d3c00000, 0x00000006d3c00000, 0x00000006d3d00000|  0%| F|  |TS  0|AC  0|TAMS 0x00000006d3c00000, 0x00000006d3c00000|
| 221|0x00000006d3d00000, 0x00000006d3d00000, 0x00000006d3e00000|  0%| F|  |TS  0|AC  0|TAMS 0x00000006d3d00000, 0x00000006d3d00000|
| 222|0x00000006d3e00000, 0x00000006d3e00000, 0x00000006d3f00000|  0%| F|  |TS  0|AC  0|TAMS 0x00000006d3e00000, 0x00000006d3e00000|
| 223|0x00000006d3f00000, 0x00000006d3f00000, 0x00000006d4000000|  0%| F|  |TS  0|AC  0|TAMS 0x00000006d3f00000, 0x00000006d3f00000|
| 224|0x00000006d4000000, 0x00000006d4000000, 0x00000006d4100000|  0%| F|  |TS  0|AC  0|TAMS 0x00000006d4000000, 0x00000006d4000000|
| 225|0x00000006d4100000, 0x00000006d4100000, 0x00000006d4200000|  0%| F|  |TS  0|AC  0|TAMS 0x00000006d4100000, 0x00000006d4100000|
| 226|0x00000006d4200000, 0x00000006d4200000, 0x00000006d4300000|  0%| F|  |TS  0|AC  0|TAMS 0x00000006d4200000, 0x00000006d4200000|
| 227|0x00000006d4300000, 0x00000006d4300000, 0x00000006d4400000|  0%| F|  |TS  0|AC  0|TAMS 0x00000006d4300000, 0x00000006d4300000|
| 228|0x00000006d4400000, 0x00000006d4400000, 0x00000006d4500000|  0%| F|  |TS  0|AC  0|TAMS 0x00000006d4400000, 0x00000006d4400000|
| 229|0x00000006d4500000, 0x00000006d4500000, 0x00000006d4600000|  0%| F|  |TS  0|AC  0|TAMS 0x00000006d4500000, 0x00000006d4500000|
| 230|0x00000006d4600000, 0x00000006d4600000, 0x00000006d4700000|  0%| F|  |TS  0|AC  0|TAMS 0x00000006d4600000, 0x00000006d4600000|
| 231|0x00000006d4700000, 0x00000006d4700000, 0x00000006d4800000|  0%| F|  |TS  0|AC  0|TAMS 0x00000006d4700000, 0x00000006d4700000|
| 232|0x00000006d4800000, 0x00000006d4800000, 0x00000006d4900000|  0%| F|  |TS  0|AC  0|TAMS 0x00000006d4800000, 0x00000006d4800000|
| 233|0x00000006d4900000, 0x00000006d4900000, 0x00000006d4a00000|  0%| F|  |TS  0|AC  0|TAMS 0x00000006d4900000, 0x00000006d4900000|
| 234|0x00000006d4a00000, 0x00000006d4a00000, 0x00000006d4b00000|  0%| F|  |TS  0|AC  0|TAMS 0x00000006d4a00000, 0x00000006d4a00000|
| 235|0x00000006d4b00000, 0x00000006d4b00000, 0x00000006d4c00000|  0%| F|  |TS  0|AC  0|TAMS 0x00000006d4b00000, 0x00000006d4b00000|
| 236|0x00000006d4c00000, 0x00000006d4c00000, 0x00000006d4d00000|  0%| F|  |TS  0|AC  0|TAMS 0x00000006d4c00000, 0x00000006d4c00000|
| 237|0x00000006d4d00000, 0x00000006d4d00000, 0x00000006d4e00000|  0%| F|  |TS  0|AC  0|TAMS 0x00000006d4d00000, 0x00000006d4d00000|
| 238|0x00000006d4e00000, 0x00000006d4e00000, 0x00000006d4f00000|  0%| F|  |TS  0|AC  0|TAMS 0x00000006d4e00000, 0x00000006d4e00000|
| 239|0x00000006d4f00000, 0x00000006d4f00000, 0x00000006d5000000|  0%| F|  |TS  0|AC  0|TAMS 0x00000006d4f00000, 0x00000006d4f00000|
| 240|0x00000006d5000000, 0x00000006d5000000, 0x00000006d5100000|  0%| F|  |TS  0|AC  0|TAMS 0x00000006d5000000, 0x00000006d5000000|
| 241|0x00000006d5100000, 0x00000006d5100000, 0x00000006d5200000|  0%| F|  |TS  0|AC  0|TAMS 0x00000006d5100000, 0x00000006d5100000|
| 242|0x00000006d5200000, 0x00000006d52d7b58, 0x00000006d5300000| 84%| E|  |TS  0|AC  0|TAMS 0x00000006d5200000, 0x00000006d5200000|
| 243|0x00000006d5300000, 0x00000006d5400000, 0x00000006d5400000|100%| E|CS|TS  0|AC  0|TAMS 0x00000006d5300000, 0x00000006d5300000|
| 244|0x00000006d5400000, 0x00000006d5500000, 0x00000006d5500000|100%| E|CS|TS  0|AC  0|TAMS 0x00000006d5400000, 0x00000006d5400000|
| 245|0x00000006d5500000, 0x00000006d5600000, 0x00000006d5600000|100%| E|CS|TS  0|AC  0|TAMS 0x00000006d5500000, 0x00000006d5500000|
| 246|0x00000006d5600000, 0x00000006d5700000, 0x00000006d5700000|100%| E|CS|TS  0|AC  0|TAMS 0x00000006d5600000, 0x00000006d5600000|
| 247|0x00000006d5700000, 0x00000006d5800000, 0x00000006d5800000|100%| E|CS|TS  0|AC  0|TAMS 0x00000006d5700000, 0x00000006d5700000|
| 248|0x00000006d5800000, 0x00000006d5900000, 0x00000006d5900000|100%| E|CS|TS  0|AC  0|TAMS 0x00000006d5800000, 0x00000006d5800000|
| 249|0x00000006d5900000, 0x00000006d5a00000, 0x00000006d5a00000|100%| E|CS|TS  0|AC  0|TAMS 0x00000006d5900000, 0x00000006d5900000|

Card table byte_map: [0x00007fe4fe890000,0x00007fe4ff060000] byte_map_base: 0x00007fe4fb260000

Marking Bits (Prev, Next): (CMBitMap*) 0x00007fe54007e860, (CMBitMap*) 0x00007fe54007e898
 Prev Bits: [0x00007fe4fa240000, 0x00007fe4fe0c0000)
 Next Bits: [0x00007fe4f63c0000, 0x00007fe4fa240000)

Polling page: 0x00007fe54719c000

CodeHeap 'non-profiled nmethods': size=120032Kb used=165Kb max_used=165Kb free=119866Kb
 bounds [0x00007fe52cdb9000, 0x00007fe52d029000, 0x00007fe5342f1000]
CodeHeap 'profiled nmethods': size=120032Kb used=850Kb max_used=850Kb free=119181Kb
 bounds [0x00007fe525881000, 0x00007fe525af1000, 0x00007fe52cdb9000]
CodeHeap 'non-nmethods': size=5696Kb used=1219Kb max_used=1234Kb free=4476Kb
 bounds [0x00007fe5252f1000, 0x00007fe525561000, 0x00007fe525881000]
 total_blobs=1045 nmethods=545 adapters=302
 compilation: enabled

Compilation events (10 events):
Event: 0.323 Thread 0x00007fe540224000 nmethod 542 0x00007fe52cde1890 code [0x00007fe52cde1a20, 0x00007fe52cde1b18]
Event: 0.323 Thread 0x00007fe540226000  543       3       java.lang.invoke.DirectMethodHandle::internalMemberName (8 bytes)
Event: 0.323 Thread 0x00007fe540226000 nmethod 543 0x00007fe525953a90 code [0x00007fe525953c40, 0x00007fe525953e70]
Event: 0.332 Thread 0x00007fe540226000  545       3       java.lang.StringLatin1::toLowerCase (180 bytes)
Event: 0.332 Thread 0x00007fe540224000  546       4       java.lang.StringBuilder::append (8 bytes)
Event: 0.332 Thread 0x00007fe540226000 nmethod 545 0x00007fe525953f10 code [0x00007fe5259541c0, 0x00007fe525954fd8]
Event: 0.332 Thread 0x00007fe540226000  544       3       java.lang.String::toLowerCase (29 bytes)
Event: 0.333 Thread 0x00007fe540226000 nmethod 544 0x00007fe525955490 code [0x00007fe525955660, 0x00007fe525955958]
Event: 0.338 Thread 0x00007fe540224000 nmethod 546 0x00007fe52cde1c10 code [0x00007fe52cde1dc0, 0x00007fe52cde2358]
Event: 0.338 Thread 0x00007fe540224000  547       4       java.lang.AbstractStringBuilder::append (45 bytes)

GC Heap History (0 events):
No events

Deoptimization events (0 events):
No events

Classes redefined (0 events):
No events

Internal exceptions (10 events):
Event: 0.193 Thread 0x00007fe540013800 Exception <a 'java/lang/NullPointerException'{0x00000006d56decc8}> (0x00000006d56decc8) thrown at [/scratch/opt/mach5/mesos/work_dir/slaves/5af44a71-976a-41b7-81de-5773b84ec572-S39643/frameworks/1735e8a2-a1db-478c-8104-60c8b0af87dd-0196/executors/a3f74ad9
Event: 0.212 Thread 0x00007fe540013800 Exception <a 'java/lang/NoSuchMethodError'{0x00000006d5561740}: java.lang.Object.lambda$union$2(Ljava/util/regex/Pattern$CharPredicate;I)Z> (0x00000006d5561740) thrown at [/scratch/opt/mach5/mesos/work_dir/slaves/5af44a71-976a-41b7-81de-5773b84ec572-S3964
Event: 0.228 Thread 0x00007fe540013800 Exception <a 'java/lang/NoSuchMethodError'{0x00000006d55d6020}: java.lang.invoke.DirectMethodHandle$Holder.invokeStatic(Ljava/lang/Object;Ljava/lang/Object;Ljava/lang/Object;Ljava/lang/Object;Ljava/lang/Object;Ljava/lang/Object;Ljava/lang/Object;Ljava/lan
Event: 0.233 Thread 0x00007fe540013800 Exception <a 'java/lang/NoSuchMethodError'{0x00000006d55f3b60}: java.lang.invoke.DirectMethodHandle$Holder.invokeStatic(Ljava/lang/Object;Ljava/lang/Object;Ljava/lang/Object;Ljava/lang/Object;Ljava/lang/Object;Ljava/lang/Object;Ljava/lang/Object;Ljava/lan
Event: 0.236 Thread 0x00007fe540013800 Exception <a 'java/lang/NoSuchMethodError'{0x00000006d5410710}: java.lang.invoke.DirectMethodHandle$Holder.invokeStatic(Ljava/lang/Object;Ljava/lang/Object;Ljava/lang/Object;Ljava/lang/Object;Ljava/lang/Object;Ljava/lang/Object;Ljava/lang/Object;Ljava/lan
Event: 0.270 Thread 0x00007fe540013800 Exception <a 'java/lang/NoSuchMethodError'{0x00000006d531ff40}: java.lang.invoke.DirectMethodHandle$Holder.invokeStatic(Ljava/lang/Object;Ljava/lang/Object;Ljava/lang/Object;)V> (0x00000006d531ff40) thrown at [/scratch/opt/mach5/mesos/work_dir/slaves/5af4
Event: 0.300 Thread 0x00007fe5403e6800 Exception <a 'java/lang/NoSuchMethodError'{0x00000006d524e340}: java.lang.invoke.DirectMethodHandle$Holder.invokeStatic(Ljava/lang/Object;Ljava/lang/Object;Ljava/lang/Object;Ljava/lang/Object;Ljava/lang/Object;Ljava/lang/Object;Ljava/lang/Object;Ljava/lan
Event: 0.308 Thread 0x00007fe5403e6800 Exception <a 'java/lang/NoSuchMethodError'{0x00000006d526dc88}: java.lang.invoke.DirectMethodHandle$Holder.invokeStatic(Ljava/lang/Object;Ljava/lang/Object;Ljava/lang/Object;Ljava/lang/Object;Ljava/lang/Object;Ljava/lang/Object;Ljava/lang/Object;Ljava/lan
Event: 0.316 Thread 0x00007fe5403e6800 Exception <a 'java/lang/NoSuchMethodError'{0x00000006d528e270}: java.lang.invoke.DirectMethodHandle$Holder.invokeStatic(Ljava/lang/Object;Ljava/lang/Object;Ljava/lang/Object;Ljava/lang/Object;Ljava/lang/Object;Ljava/lang/Object;Ljava/lang/Object;Ljava/lan
Event: 0.320 Thread 0x00007fe5403e6800 Exception <a 'java/lang/NoSuchMethodError'{0x00000006d52b0320}: java.lang.invoke.DirectMethodHandle$Holder.invokeStatic(Ljava/lang/Object;Ljava/lang/Object;Ljava/lang/Object;Ljava/lang/Object;Ljava/lang/Object;Ljava/lang/Object;Ljava/lang/Object;Ljava/lan

Events (10 events):
Event: 0.293 loading class java/lang/UnsatisfiedLinkError
Event: 0.293 loading class java/lang/UnsatisfiedLinkError done
Event: 0.299 loading class java/lang/invoke/BoundMethodHandle$Species_L8I
Event: 0.299 loading class java/lang/invoke/BoundMethodHandle$Species_L8I done
Event: 0.307 loading class java/lang/invoke/BoundMethodHandle$Species_L8II
Event: 0.307 loading class java/lang/invoke/BoundMethodHandle$Species_L8II done
Event: 0.311 loading class java/lang/invoke/BoundMethodHandle$Species_L8IIL
Event: 0.311 loading class java/lang/invoke/BoundMethodHandle$Species_L8IIL done
Event: 0.319 loading class java/lang/invoke/BoundMethodHandle$Species_L8IILL
Event: 0.319 loading class java/lang/invoke/BoundMethodHandle$Species_L8IILL done


Dynamic libraries:
00400000-00401000 r-xp 00000000 08:05 1451588                            /usr/lib/jvm/java-9-oracle/bin/java
00600000-00601000 rw-p 00000000 08:05 1451588                            /usr/lib/jvm/java-9-oracle/bin/java
02283000-022a4000 rw-p 00000000 00:00 0                                  [heap]
6c6000000-6d5a00000 rw-p 00000000 00:00 0 
6d5a00000-7c0000000 ---p 00000000 00:00 0 
7c0000000-7c00e0000 rw-p 00000000 00:00 0 
7c00e0000-800000000 ---p 00000000 00:00 0 
7fe4b2143000-7fe4b35e1000 r-xp 00000000 08:05 1580350                    /usr/lib/nvidia-384/libnvidia-glcore.so.384.111
7fe4b35e1000-7fe4b3602000 rwxp 0149e000 08:05 1580350                    /usr/lib/nvidia-384/libnvidia-glcore.so.384.111
7fe4b3602000-7fe4b39e4000 r-xp 014bf000 08:05 1580350                    /usr/lib/nvidia-384/libnvidia-glcore.so.384.111
7fe4b39e4000-7fe4b3be4000 ---p 018a1000 08:05 1580350                    /usr/lib/nvidia-384/libnvidia-glcore.so.384.111
7fe4b3be4000-7fe4b3fe7000 rw-p 018a1000 08:05 1580350                    /usr/lib/nvidia-384/libnvidia-glcore.so.384.111
7fe4b3fe7000-7fe4b4000000 rw-p 00000000 00:00 0 
7fe4b4000000-7fe4b4021000 rw-p 00000000 00:00 0 
7fe4b4021000-7fe4b8000000 ---p 00000000 00:00 0 
7fe4b8000000-7fe4b827a000 rw-p 00000000 00:00 0 
7fe4b827a000-7fe4bc000000 ---p 00000000 00:00 0 
7fe4bc000000-7fe4bc021000 rw-p 00000000 00:00 0 
7fe4bc021000-7fe4c0000000 ---p 00000000 00:00 0 
7fe4c0000000-7fe4c0021000 rw-p 00000000 00:00 0 
7fe4c0021000-7fe4c4000000 ---p 00000000 00:00 0 
7fe4c4000000-7fe4c4021000 rw-p 00000000 00:00 0 
7fe4c4021000-7fe4c8000000 ---p 00000000 00:00 0 
7fe4c8000000-7fe4c8021000 rw-p 00000000 00:00 0 
7fe4c8021000-7fe4cc000000 ---p 00000000 00:00 0 
7fe4cc000000-7fe4cc1ee000 rw-p 00000000 00:00 0 
7fe4cc1ee000-7fe4d0000000 ---p 00000000 00:00 0 
7fe4d0000000-7fe4d01df000 rw-p 00000000 00:00 0 
7fe4d01df000-7fe4d4000000 ---p 00000000 00:00 0 
7fe4d4000000-7fe4d4021000 rw-p 00000000 00:00 0 
7fe4d4021000-7fe4d8000000 ---p 00000000 00:00 0 
7fe4d8000000-7fe4d822b000 rw-p 00000000 00:00 0 
7fe4d822b000-7fe4dc000000 ---p 00000000 00:00 0 
7fe4dc000000-7fe4dc021000 rw-p 00000000 00:00 0 
7fe4dc021000-7fe4e0000000 ---p 00000000 00:00 0 
7fe4e0000000-7fe4e0021000 rw-p 00000000 00:00 0 
7fe4e0021000-7fe4e4000000 ---p 00000000 00:00 0 
7fe4e4000000-7fe4e4021000 rw-p 00000000 00:00 0 
7fe4e4021000-7fe4e8000000 ---p 00000000 00:00 0 
7fe4e8000000-7fe4e8021000 rw-p 00000000 00:00 0 
7fe4e8021000-7fe4ec000000 ---p 00000000 00:00 0 
7fe4ec557000-7fe4ec65c000 rw-s 00000000 00:06 544                        /dev/nvidiactl
7fe4ec65c000-7fe4ec98a000 rw-p 00000000 00:00 0 
7fe4ec98a000-7fe4ec98f000 r-xp 00000000 08:05 1320644                    /usr/lib/x86_64-linux-gnu/libXdmcp.so.6.0.0
7fe4ec98f000-7fe4ecb8e000 ---p 00005000 08:05 1320644                    /usr/lib/x86_64-linux-gnu/libXdmcp.so.6.0.0
7fe4ecb8e000-7fe4ecb8f000 r--p 00004000 08:05 1320644                    /usr/lib/x86_64-linux-gnu/libXdmcp.so.6.0.0
7fe4ecb8f000-7fe4ecb90000 rw-p 00005000 08:05 1320644                    /usr/lib/x86_64-linux-gnu/libXdmcp.so.6.0.0
7fe4ecb90000-7fe4ecb92000 r-xp 00000000 08:05 1320633                    /usr/lib/x86_64-linux-gnu/libXau.so.6.0.0
7fe4ecb92000-7fe4ecd92000 ---p 00002000 08:05 1320633                    /usr/lib/x86_64-linux-gnu/libXau.so.6.0.0
7fe4ecd92000-7fe4ecd93000 r--p 00002000 08:05 1320633                    /usr/lib/x86_64-linux-gnu/libXau.so.6.0.0
7fe4ecd93000-7fe4ecd94000 rw-p 00003000 08:05 1320633                    /usr/lib/x86_64-linux-gnu/libXau.so.6.0.0
7fe4ecd94000-7fe4ecd97000 r-xp 00000000 08:05 1580318                    /usr/lib/nvidia-384/tls/libnvidia-tls.so.384.111
7fe4ecd97000-7fe4ecf97000 ---p 00003000 08:05 1580318                    /usr/lib/nvidia-384/tls/libnvidia-tls.so.384.111
7fe4ecf97000-7fe4ecf98000 rw-p 00003000 08:05 1580318                    /usr/lib/nvidia-384/tls/libnvidia-tls.so.384.111
7fe4ecf98000-7fe4ecfa9000 r-xp 00000000 08:05 1320646                    /usr/lib/x86_64-linux-gnu/libXext.so.6.4.0
7fe4ecfa9000-7fe4ed1a8000 ---p 00011000 08:05 1320646                    /usr/lib/x86_64-linux-gnu/libXext.so.6.4.0
7fe4ed1a8000-7fe4ed1a9000 r--p 00010000 08:05 1320646                    /usr/lib/x86_64-linux-gnu/libXext.so.6.4.0
7fe4ed1a9000-7fe4ed1aa000 rw-p 00011000 08:05 1320646                    /usr/lib/x86_64-linux-gnu/libXext.so.6.4.0
7fe4ed1aa000-7fe4ed1cb000 r-xp 00000000 08:05 1322061                    /usr/lib/x86_64-linux-gnu/libxcb.so.1.1.0
7fe4ed1cb000-7fe4ed3ca000 ---p 00021000 08:05 1322061                    /usr/lib/x86_64-linux-gnu/libxcb.so.1.1.0
7fe4ed3ca000-7fe4ed3cb000 r--p 00020000 08:05 1322061                    /usr/lib/x86_64-linux-gnu/libxcb.so.1.1.0
7fe4ed3cb000-7fe4ed3cc000 rw-p 00021000 08:05 1322061                    /usr/lib/x86_64-linux-gnu/libxcb.so.1.1.0
7fe4ed3cc000-7fe4ed3e2000 r-xp 00000000 08:05 2101842                    /lib/x86_64-linux-gnu/libgcc_s.so.1
7fe4ed3e2000-7fe4ed5e1000 ---p 00016000 08:05 2101842                    /lib/x86_64-linux-gnu/libgcc_s.so.1
7fe4ed5e1000-7fe4ed5e2000 rw-p 00015000 08:05 2101842                    /lib/x86_64-linux-gnu/libgcc_s.so.1
7fe4ed5e2000-7fe4ed754000 r-xp 00000000 08:05 1321844                    /usr/lib/x86_64-linux-gnu/libstdc++.so.6.0.21
7fe4ed754000-7fe4ed954000 ---p 00172000 08:05 1321844                    /usr/lib/x86_64-linux-gnu/libstdc++.so.6.0.21
7fe4ed954000-7fe4ed95e000 r--p 00172000 08:05 1321844                    /usr/lib/x86_64-linux-gnu/libstdc++.so.6.0.21
7fe4ed95e000-7fe4ed960000 rw-p 0017c000 08:05 1321844                    /usr/lib/x86_64-linux-gnu/libstdc++.so.6.0.21
7fe4ed960000-7fe4ed964000 rw-p 00000000 00:00 0 
7fe4ed964000-7fe4eda2f000 r-xp 00000000 08:05 1580340                    /usr/lib/nvidia-384/libGL.so.384.111
7fe4eda2f000-7fe4eda63000 rwxp 000cb000 08:05 1580340                    /usr/lib/nvidia-384/libGL.so.384.111
7fe4eda63000-7fe4eda77000 r-xp 000ff000 08:05 1580340                    /usr/lib/nvidia-384/libGL.so.384.111
7fe4eda77000-7fe4edc76000 ---p 00113000 08:05 1580340                    /usr/lib/nvidia-384/libGL.so.384.111
7fe4edc76000-7fe4edc9f000 rw-p 00112000 08:05 1580340                    /usr/lib/nvidia-384/libGL.so.384.111
7fe4edc9f000-7fe4edca6000 rw-p 00000000 00:00 0 
7fe4edca6000-7fe4edcab000 r-xp 00000000 08:05 1320682                    /usr/lib/x86_64-linux-gnu/libXxf86vm.so.1.0.0
7fe4edcab000-7fe4edeaa000 ---p 00005000 08:05 1320682                    /usr/lib/x86_64-linux-gnu/libXxf86vm.so.1.0.0
7fe4edeaa000-7fe4edeab000 r--p 00004000 08:05 1320682                    /usr/lib/x86_64-linux-gnu/libXxf86vm.so.1.0.0
7fe4edeab000-7fe4edeac000 rw-p 00005000 08:05 1320682                    /usr/lib/x86_64-linux-gnu/libXxf86vm.so.1.0.0
7fe4edeac000-7fe4edfe1000 r-xp 00000000 08:05 1320629                    /usr/lib/x86_64-linux-gnu/libX11.so.6.3.0
7fe4edfe1000-7fe4ee1e1000 ---p 00135000 08:05 1320629                    /usr/lib/x86_64-linux-gnu/libX11.so.6.3.0
7fe4ee1e1000-7fe4ee1e2000 r--p 00135000 08:05 1320629                    /usr/lib/x86_64-linux-gnu/libX11.so.6.3.0
7fe4ee1e2000-7fe4ee1e6000 rw-p 00136000 08:05 1320629                    /usr/lib/x86_64-linux-gnu/libX11.so.6.3.0
7fe4ee1e6000-7fe4ee1f2000 r-xp 00000000 08:05 1452103                    /usr/lib/jvm/java-9-oracle/lib/libprism_es2.so
7fe4ee1f2000-7fe4ee3f1000 ---p 0000c000 08:05 1452103                    /usr/lib/jvm/java-9-oracle/lib/libprism_es2.so
7fe4ee3f1000-7fe4ee3f2000 r--p 0000b000 08:05 1452103                    /usr/lib/jvm/java-9-oracle/lib/libprism_es2.so
7fe4ee3f2000-7fe4ee3f3000 rw-p 0000c000 08:05 1452103                    /usr/lib/jvm/java-9-oracle/lib/libprism_es2.so
7fe4ee3f3000-7fe4ee3f7000 ---p 00000000 00:00 0 
7fe4ee3f7000-7fe4ee4f4000 rw-p 00000000 00:00 0 
7fe4ee4f4000-7fe4ee4f5000 ---p 00000000 00:00 0 
7fe4ee4f5000-7fe4ee5f5000 rw-p 00000000 00:00 0 
7fe4ee5f5000-7fe4ee5f9000 ---p 00000000 00:00 0 
7fe4ee5f9000-7fe4ee6f6000 rw-p 00000000 00:00 0 
7fe4ee6f6000-7fe4ee6fa000 ---p 00000000 00:00 0 
7fe4ee6fa000-7fe4ee7f7000 rw-p 00000000 00:00 0 
7fe4ee7f7000-7fe4ee7fb000 ---p 00000000 00:00 0 
7fe4ee7fb000-7fe4ee8f8000 rw-p 00000000 00:00 0 
7fe4ee8f8000-7fe4ee90e000 r-xp 00000000 08:05 1452019                    /usr/lib/jvm/java-9-oracle/lib/libnet.so
7fe4ee90e000-7fe4eeb0e000 ---p 00016000 08:05 1452019                    /usr/lib/jvm/java-9-oracle/lib/libnet.so
7fe4eeb0e000-7fe4eeb0f000 rw-p 00016000 08:05 1452019                    /usr/lib/jvm/java-9-oracle/lib/libnet.so
7fe4eeb0f000-7fe4eeb1f000 r-xp 00000000 08:05 1452121                    /usr/lib/jvm/java-9-oracle/lib/libnio.so
7fe4eeb1f000-7fe4eed1f000 ---p 00010000 08:05 1452121                    /usr/lib/jvm/java-9-oracle/lib/libnio.so
7fe4eed1f000-7fe4eed20000 rw-p 00010000 08:05 1452121                    /usr/lib/jvm/java-9-oracle/lib/libnio.so
7fe4eed20000-7fe4eed24000 ---p 00000000 00:00 0 
7fe4eed24000-7fe4eee21000 rw-p 00000000 00:00 0 
7fe4eee21000-7fe4eee25000 ---p 00000000 00:00 0 
7fe4eee25000-7fe4eef22000 rw-p 00000000 00:00 0 
7fe4eef22000-7fe4eef26000 ---p 00000000 00:00 0 
7fe4eef26000-7fe4ef023000 rw-p 00000000 00:00 0 
7fe4ef023000-7fe4ef027000 ---p 00000000 00:00 0 
7fe4ef027000-7fe4ef124000 rw-p 00000000 00:00 0 
7fe4ef124000-7fe4ef128000 ---p 00000000 00:00 0 
7fe4ef128000-7fe4ef225000 rw-p 00000000 00:00 0 
7fe4ef225000-7fe4ef4fd000 r--p 00000000 08:05 1319256                    /usr/lib/locale/locale-archive
7fe4ef4fd000-7fe4ef501000 ---p 00000000 00:00 0 
7fe4ef501000-7fe4ef5fe000 rw-p 00000000 00:00 0 
7fe4ef5fe000-7fe4ef602000 ---p 00000000 00:00 0 
7fe4ef602000-7fe4ef6ff000 rw-p 00000000 00:00 0 
7fe4ef6ff000-7fe4ef700000 ---p 00000000 00:00 0 
7fe4ef700000-7fe4eff80000 rw-p 00000000 00:00 0 
7fe4eff80000-7fe4f0000000 ---p 00000000 00:00 0 
7fe4f0000000-7fe4f0021000 rw-p 00000000 00:00 0 
7fe4f0021000-7fe4f4000000 ---p 00000000 00:00 0 
7fe4f4047000-7fe4f43c0000 rw-p 00000000 00:00 0 
7fe4f43c0000-7fe4f63c0000 rwxp 00000000 00:00 0 
7fe4f63c0000-7fe4f67a8000 rw-p 00000000 00:00 0 
7fe4f67a8000-7fe4fa240000 ---p 00000000 00:00 0 
7fe4fa240000-7fe4fa628000 rw-p 00000000 00:00 0 
7fe4fa628000-7fe4fe0c0000 ---p 00000000 00:00 0 
7fe4fe0c0000-7fe4fe13d000 rw-p 00000000 00:00 0 
7fe4fe13d000-7fe4fe890000 ---p 00000000 00:00 0 
7fe4fe890000-7fe4fe90d000 rw-p 00000000 00:00 0 
7fe4fe90d000-7fe4ff830000 ---p 00000000 00:00 0 
7fe4ff830000-7fe4ff8ad000 rw-p 00000000 00:00 0 
7fe4ff8ad000-7fe500000000 ---p 00000000 00:00 0 
7fe500000000-7fe500021000 rw-p 00000000 00:00 0 
7fe500021000-7fe504000000 ---p 00000000 00:00 0 
7fe504000000-7fe504021000 rw-p 00000000 00:00 0 
7fe504021000-7fe508000000 ---p 00000000 00:00 0 
7fe508000000-7fe508021000 rw-p 00000000 00:00 0 
7fe508021000-7fe50c000000 ---p 00000000 00:00 0 
7fe50c000000-7fe50c021000 rw-p 00000000 00:00 0 
7fe50c021000-7fe510000000 ---p 00000000 00:00 0 
7fe510000000-7fe510021000 rw-p 00000000 00:00 0 
7fe510021000-7fe514000000 ---p 00000000 00:00 0 
7fe514000000-7fe514021000 rw-p 00000000 00:00 0 
7fe514021000-7fe518000000 ---p 00000000 00:00 0 
7fe518000000-7fe518021000 rw-p 00000000 00:00 0 
7fe518021000-7fe51c000000 ---p 00000000 00:00 0 
7fe51c000000-7fe51c021000 rw-p 00000000 00:00 0 
7fe51c021000-7fe520000000 ---p 00000000 00:00 0 
7fe520000000-7fe520021000 rw-p 00000000 00:00 0 
7fe520021000-7fe524000000 ---p 00000000 00:00 0 
7fe524011000-7fe524112000 rw-p 00000000 00:00 0 
7fe524112000-7fe524113000 ---p 00000000 00:00 0 
7fe524113000-7fe524213000 rw-p 00000000 00:00 0 
7fe524213000-7fe524214000 ---p 00000000 00:00 0 
7fe524214000-7fe52440e000 rw-p 00000000 00:00 0 
7fe52440e000-7fe52440f000 ---p 00000000 00:00 0 
7fe52440f000-7fe52450f000 rw-p 00000000 00:00 0 
7fe52450f000-7fe524510000 ---p 00000000 00:00 0 
7fe524510000-7fe524610000 rw-p 00000000 00:00 0 
7fe524610000-7fe524611000 ---p 00000000 00:00 0 
7fe524611000-7fe524711000 rw-p 00000000 00:00 0 
7fe524711000-7fe524712000 ---p 00000000 00:00 0 
7fe524712000-7fe524812000 rw-p 00000000 00:00 0 
7fe524812000-7fe524813000 ---p 00000000 00:00 0 
7fe524813000-7fe524d17000 rw-p 00000000 00:00 0 
7fe524d17000-7fe524d18000 ---p 00000000 00:00 0 
7fe524d18000-7fe524e18000 rw-p 00000000 00:00 0 
7fe524e18000-7fe524e19000 ---p 00000000 00:00 0 
7fe524e19000-7fe524f19000 rw-p 00000000 00:00 0 
7fe524f19000-7fe524f1a000 ---p 00000000 00:00 0 
7fe524f1a000-7fe52501a000 rw-p 00000000 00:00 0 
7fe52501a000-7fe52501b000 ---p 00000000 00:00 0 
7fe52501b000-7fe525120000 rw-p 00000000 00:00 0 
7fe525120000-7fe525206000 ---p 00000000 00:00 0 
7fe525206000-7fe52520b000 rw-p 00000000 00:00 0 
7fe52520b000-7fe5252f1000 ---p 00000000 00:00 0 
7fe5252f1000-7fe525561000 rwxp 00000000 00:00 0 
7fe525561000-7fe525881000 ---p 00000000 00:00 0 
7fe525881000-7fe525af1000 rwxp 00000000 00:00 0 
7fe525af1000-7fe52cdb9000 ---p 00000000 00:00 0 
7fe52cdb9000-7fe52d029000 rwxp 00000000 00:00 0 
7fe52d029000-7fe5342f1000 ---p 00000000 00:00 0 
7fe5342f1000-7fe53f7ae000 r--s 00000000 08:05 1452102                    /usr/lib/jvm/java-9-oracle/lib/modules
7fe53f7ae000-7fe53f7c8000 r-xp 00000000 08:05 1451976                    /usr/lib/jvm/java-9-oracle/lib/libjimage.so
7fe53f7c8000-7fe53f9c7000 ---p 0001a000 08:05 1451976                    /usr/lib/jvm/java-9-oracle/lib/libjimage.so
7fe53f9c7000-7fe53f9c9000 rw-p 00019000 08:05 1451976                    /usr/lib/jvm/java-9-oracle/lib/libjimage.so
7fe53f9c9000-7fe53f9db000 rw-p 00000000 00:00 0 
7fe53f9db000-7fe53f9e2000 r-xp 00000000 08:05 1452129                    /usr/lib/jvm/java-9-oracle/lib/libzip.so
7fe53f9e2000-7fe53fbe1000 ---p 00007000 08:05 1452129                    /usr/lib/jvm/java-9-oracle/lib/libzip.so
7fe53fbe1000-7fe53fbe2000 rw-p 00006000 08:05 1452129                    /usr/lib/jvm/java-9-oracle/lib/libzip.so
7fe53fbe2000-7fe53fbed000 r-xp 00000000 08:05 2104143                    /lib/x86_64-linux-gnu/libnss_files-2.23.so
7fe53fbed000-7fe53fdec000 ---p 0000b000 08:05 2104143                    /lib/x86_64-linux-gnu/libnss_files-2.23.so
7fe53fdec000-7fe53fded000 r--p 0000a000 08:05 2104143                    /lib/x86_64-linux-gnu/libnss_files-2.23.so
7fe53fded000-7fe53fdee000 rw-p 0000b000 08:05 2104143                    /lib/x86_64-linux-gnu/libnss_files-2.23.so
7fe53fdee000-7fe53fdf4000 rw-p 00000000 00:00 0 
7fe53fdf4000-7fe53fdff000 r-xp 00000000 08:05 2105946                    /lib/x86_64-linux-gnu/libnss_nis-2.23.so
7fe53fdff000-7fe53fffe000 ---p 0000b000 08:05 2105946                    /lib/x86_64-linux-gnu/libnss_nis-2.23.so
7fe53fffe000-7fe53ffff000 r--p 0000a000 08:05 2105946                    /lib/x86_64-linux-gnu/libnss_nis-2.23.so
7fe53ffff000-7fe540000000 rw-p 0000b000 08:05 2105946                    /lib/x86_64-linux-gnu/libnss_nis-2.23.so
7fe540000000-7fe5403e9000 rw-p 00000000 00:00 0 
7fe5403e9000-7fe544000000 ---p 00000000 00:00 0 
7fe54400d000-7fe544068000 rw-p 00000000 00:00 0 
7fe544068000-7fe54407e000 r-xp 00000000 08:05 2103004                    /lib/x86_64-linux-gnu/libnsl-2.23.so
7fe54407e000-7fe54427d000 ---p 00016000 08:05 2103004                    /lib/x86_64-linux-gnu/libnsl-2.23.so
7fe54427d000-7fe54427e000 r--p 00015000 08:05 2103004                    /lib/x86_64-linux-gnu/libnsl-2.23.so
7fe54427e000-7fe54427f000 rw-p 00016000 08:05 2103004                    /lib/x86_64-linux-gnu/libnsl-2.23.so
7fe54427f000-7fe544281000 rw-p 00000000 00:00 0 
7fe544281000-7fe544289000 r-xp 00000000 08:05 2103015                    /lib/x86_64-linux-gnu/libnss_compat-2.23.so
7fe544289000-7fe544488000 ---p 00008000 08:05 2103015                    /lib/x86_64-linux-gnu/libnss_compat-2.23.so
7fe544488000-7fe544489000 r--p 00007000 08:05 2103015                    /lib/x86_64-linux-gnu/libnss_compat-2.23.so
7fe544489000-7fe54448a000 rw-p 00008000 08:05 2103015                    /lib/x86_64-linux-gnu/libnss_compat-2.23.so
7fe54448a000-7fe544494000 r-xp 00000000 08:05 1452010                    /usr/lib/jvm/java-9-oracle/lib/libinstrument.so
7fe544494000-7fe544693000 ---p 0000a000 08:05 1452010                    /usr/lib/jvm/java-9-oracle/lib/libinstrument.so
7fe544693000-7fe544694000 rw-p 00009000 08:05 1452010                    /usr/lib/jvm/java-9-oracle/lib/libinstrument.so
7fe544694000-7fe5446bf000 r-xp 00000000 08:05 1452012                    /usr/lib/jvm/java-9-oracle/lib/libjava.so
7fe5446bf000-7fe5448be000 ---p 0002b000 08:05 1452012                    /usr/lib/jvm/java-9-oracle/lib/libjava.so
7fe5448be000-7fe5448c0000 rw-p 0002a000 08:05 1452012                    /usr/lib/jvm/java-9-oracle/lib/libjava.so
7fe5448c0000-7fe5448cd000 r-xp 00000000 08:05 1452037                    /usr/lib/jvm/java-9-oracle/lib/libverify.so
7fe5448cd000-7fe544acc000 ---p 0000d000 08:05 1452037                    /usr/lib/jvm/java-9-oracle/lib/libverify.so
7fe544acc000-7fe544ace000 rw-p 0000c000 08:05 1452037                    /usr/lib/jvm/java-9-oracle/lib/libverify.so
7fe544ace000-7fe544ad5000 r-xp 00000000 08:05 2105947                    /lib/x86_64-linux-gnu/librt-2.23.so
7fe544ad5000-7fe544cd4000 ---p 00007000 08:05 2105947                    /lib/x86_64-linux-gnu/librt-2.23.so
7fe544cd4000-7fe544cd5000 r--p 00006000 08:05 2105947                    /lib/x86_64-linux-gnu/librt-2.23.so
7fe544cd5000-7fe544cd6000 rw-p 00007000 08:05 2105947                    /lib/x86_64-linux-gnu/librt-2.23.so
7fe544cd6000-7fe544dde000 r-xp 00000000 08:05 2103003                    /lib/x86_64-linux-gnu/libm-2.23.so
7fe544dde000-7fe544fdd000 ---p 00108000 08:05 2103003                    /lib/x86_64-linux-gnu/libm-2.23.so
7fe544fdd000-7fe544fde000 r--p 00107000 08:05 2103003                    /lib/x86_64-linux-gnu/libm-2.23.so
7fe544fde000-7fe544fdf000 rw-p 00108000 08:05 2103003                    /lib/x86_64-linux-gnu/libm-2.23.so
7fe544fdf000-7fe545ff4000 r-xp 00000000 08:05 1452134                    /usr/lib/jvm/java-9-oracle/lib/server/libjvm.so
7fe545ff4000-7fe5461f3000 ---p 01015000 08:05 1452134                    /usr/lib/jvm/java-9-oracle/lib/server/libjvm.so
7fe5461f3000-7fe5462c4000 r--p 01014000 08:05 1452134                    /usr/lib/jvm/java-9-oracle/lib/server/libjvm.so
7fe5462c4000-7fe5462fb000 rw-p 010e5000 08:05 1452134                    /usr/lib/jvm/java-9-oracle/lib/server/libjvm.so
7fe5462fb000-7fe546364000 rw-p 00000000 00:00 0 
7fe546364000-7fe546524000 r-xp 00000000 08:05 2103007                    /lib/x86_64-linux-gnu/libc-2.23.so
7fe546524000-7fe546724000 ---p 001c0000 08:05 2103007                    /lib/x86_64-linux-gnu/libc-2.23.so
7fe546724000-7fe546728000 r--p 001c0000 08:05 2103007                    /lib/x86_64-linux-gnu/libc-2.23.so
7fe546728000-7fe54672a000 rw-p 001c4000 08:05 2103007                    /lib/x86_64-linux-gnu/libc-2.23.so
7fe54672a000-7fe54672e000 rw-p 00000000 00:00 0 
7fe54672e000-7fe546731000 r-xp 00000000 08:05 2103009                    /lib/x86_64-linux-gnu/libdl-2.23.so
7fe546731000-7fe546930000 ---p 00003000 08:05 2103009                    /lib/x86_64-linux-gnu/libdl-2.23.so
7fe546930000-7fe546931000 r--p 00002000 08:05 2103009                    /lib/x86_64-linux-gnu/libdl-2.23.so
7fe546931000-7fe546932000 rw-p 00003000 08:05 2103009                    /lib/x86_64-linux-gnu/libdl-2.23.so
7fe546932000-7fe546940000 r-xp 00000000 08:05 1581129                    /usr/lib/jvm/java-9-oracle/lib/jli/libjli.so
7fe546940000-7fe546b40000 ---p 0000e000 08:05 1581129                    /usr/lib/jvm/java-9-oracle/lib/jli/libjli.so
7fe546b40000-7fe546b41000 rw-p 0000e000 08:05 1581129                    /usr/lib/jvm/java-9-oracle/lib/jli/libjli.so
7fe546b41000-7fe546b59000 r-xp 00000000 08:05 2103006                    /lib/x86_64-linux-gnu/libpthread-2.23.so
7fe546b59000-7fe546d58000 ---p 00018000 08:05 2103006                    /lib/x86_64-linux-gnu/libpthread-2.23.so
7fe546d58000-7fe546d59000 r--p 00017000 08:05 2103006                    /lib/x86_64-linux-gnu/libpthread-2.23.so
7fe546d59000-7fe546d5a000 rw-p 00018000 08:05 2103006                    /lib/x86_64-linux-gnu/libpthread-2.23.so
7fe546d5a000-7fe546d5e000 rw-p 00000000 00:00 0 
7fe546d5e000-7fe546d77000 r-xp 00000000 08:05 2101995                    /lib/x86_64-linux-gnu/libz.so.1.2.8
7fe546d77000-7fe546f76000 ---p 00019000 08:05 2101995                    /lib/x86_64-linux-gnu/libz.so.1.2.8
7fe546f76000-7fe546f77000 r--p 00018000 08:05 2101995                    /lib/x86_64-linux-gnu/libz.so.1.2.8
7fe546f77000-7fe546f78000 rw-p 00019000 08:05 2101995                    /lib/x86_64-linux-gnu/libz.so.1.2.8
7fe546f78000-7fe546f9e000 r-xp 00000000 08:05 2103005                    /lib/x86_64-linux-gnu/ld-2.23.so
7fe546ff5000-7fe54707a000 rw-p 00000000 00:00 0 
7fe54707a000-7fe54707f000 ---p 00000000 00:00 0 
7fe54707f000-7fe547180000 rw-p 00000000 00:00 0 
7fe547186000-7fe54718c000 rw-p 00000000 00:00 0 
7fe54718c000-7fe547193000 ---p 00000000 00:00 0 
7fe547193000-7fe54719b000 rw-s 00000000 08:05 4591361                    /tmp/hsperfdata_rhys3010/21704
7fe54719b000-7fe54719c000 rw-p 00000000 00:00 0 
7fe54719c000-7fe54719d000 r--p 00000000 00:00 0 
7fe54719d000-7fe54719e000 r--p 00025000 08:05 2103005                    /lib/x86_64-linux-gnu/ld-2.23.so
7fe54719e000-7fe54719f000 rw-p 00026000 08:05 2103005                    /lib/x86_64-linux-gnu/ld-2.23.so
7fe54719f000-7fe5471a0000 rw-p 00000000 00:00 0 
7ffdc3980000-7ffdc39a1000 rw-p 00000000 00:00 0                          [stack]
7ffdc39dd000-7ffdc39df000 r--p 00000000 00:00 0                          [vvar]
7ffdc39df000-7ffdc39e1000 r-xp 00000000 00:00 0                          [vdso]
ffffffffff600000-ffffffffff601000 r-xp 00000000 00:00 0                  [vsyscall]

VM Arguments:
jvm_args: -javaagent:/opt/idea-IU-173.4548.28/lib/idea_rt.jar=32795:/opt/idea-IU-173.4548.28/bin -Dfile.encoding=UTF-8 
java_command: cs221.GP01.Main
java_class_path (initial): /home/rhys3010/Documents/Joggle/GP01/out/production/GP01
Launcher Type: SUN_STANDARD

Logging:
Log output configuration:
#0: stdout all=warning uptime,level,tags
#1: stderr all=off uptime,level,tags

Environment Variables:
JAVA_HOME=/usr/lib/jvm/java-9-oracle
PATH=/home/rhys3010/bin:/home/rhys3010/.local/bin:/usr/local/sbin:/usr/local/bin:/usr/sbin:/usr/bin:/sbin:/bin:/usr/games:/usr/local/games:/usr/lib/jvm/java-9-oracle/bin:/usr/lib/jvm/java-9-oracle/db/bin
SHELL=/bin/bash
DISPLAY=:0

Signal Handlers:
SIGSEGV: [libjvm.so+0xd4d370], sa_mask[0]=11111111011111111101111111111110, sa_flags=SA_RESTART|SA_SIGINFO
SIGBUS: [libjvm.so+0xd4d370], sa_mask[0]=11111111011111111101111111111110, sa_flags=SA_RESTART|SA_SIGINFO
SIGFPE: [libjvm.so+0xd4d370], sa_mask[0]=11111111011111111101111111111110, sa_flags=SA_RESTART|SA_SIGINFO
SIGPIPE: [libjvm.so+0xb64780], sa_mask[0]=11111111011111111101111111111110, sa_flags=SA_RESTART|SA_SIGINFO
SIGXFSZ: [libjvm.so+0xb64780], sa_mask[0]=11111111011111111101111111111110, sa_flags=SA_RESTART|SA_SIGINFO
SIGILL: [libjvm.so+0xd4d370], sa_mask[0]=11111111011111111101111111111110, sa_flags=SA_RESTART|SA_SIGINFO
SIGUSR2: [libjvm.so+0xb64640], sa_mask[0]=00100000000000000000000000000000, sa_flags=SA_RESTART|SA_SIGINFO
SIGHUP: [libjvm.so+0xb64850], sa_mask[0]=11111111011111111101111111111110, sa_flags=SA_RESTART|SA_SIGINFO
SIGINT: [libjvm.so+0xb64850], sa_mask[0]=11111111011111111101111111111110, sa_flags=SA_RESTART|SA_SIGINFO
SIGTERM: [libjvm.so+0xb64850], sa_mask[0]=11111111011111111101111111111110, sa_flags=SA_RESTART|SA_SIGINFO
SIGQUIT: [libjvm.so+0xb64850], sa_mask[0]=11111111011111111101111111111110, sa_flags=SA_RESTART|SA_SIGINFO


---------------  S Y S T E M  ---------------

OS:DISTRIB_ID=LinuxMint
DISTRIB_RELEASE=18.2
DISTRIB_CODENAME=sonya
DISTRIB_DESCRIPTION="Linux Mint 18.2 Sonya"
uname:Linux 4.8.0-53-generic #56~16.04.1-Ubuntu SMP Tue May 16 01:18:56 UTC 2017 x86_64
libc:glibc 2.23 NPTL 2.23 
rlimit: STACK 8192k, CORE 0k, NPROC 63802, NOFILE 65536, AS infinity
load average:0.95 0.81 0.86

/proc/meminfo:
MemTotal:       16377980 kB
MemFree:         7824568 kB
MemAvailable:   10154980 kB
Buffers:          186408 kB
Cached:          2439680 kB
SwapCached:            0 kB
Active:          5915560 kB
Inactive:        2122224 kB
Active(anon):    4597784 kB
Inactive(anon):   965944 kB
Active(file):    1317776 kB
Inactive(file):  1156280 kB
Unevictable:         372 kB
Mlocked:             372 kB
SwapTotal:      15624188 kB
SwapFree:       15624188 kB
Dirty:             16776 kB
Writeback:             0 kB
AnonPages:       5061856 kB
Mapped:           737108 kB
Shmem:            152004 kB
Slab:             255632 kB
SReclaimable:     192492 kB
SUnreclaim:        63140 kB
KernelStack:       13808 kB
PageTables:        62392 kB
NFS_Unstable:          0 kB
Bounce:                0 kB
WritebackTmp:          0 kB
CommitLimit:    23813176 kB
Committed_AS:   11283892 kB
VmallocTotal:   34359738367 kB
VmallocUsed:           0 kB
VmallocChunk:          0 kB
HardwareCorrupted:     0 kB
AnonHugePages:   1617920 kB
ShmemHugePages:        0 kB
ShmemPmdMapped:        0 kB
CmaTotal:              0 kB
CmaFree:               0 kB
HugePages_Total:       0
HugePages_Free:        0
HugePages_Rsvd:        0
HugePages_Surp:        0
Hugepagesize:       2048 kB
DirectMap4k:      339036 kB
DirectMap2M:    16384000 kB


CPU:total 4 (initial active 4) (4 cores per cpu, 1 threads per core) family 6 model 58 stepping 9, cmov, cx8, fxsr, mmx, sse, sse2, sse3, ssse3, sse4.1, sse4.2, popcnt, avx, aes, clmul, erms, tsc, tscinvbit, tscinv
CPU Model and flags from /proc/cpuinfo:
model name	: Intel(R) Core(TM) i5-3570 CPU @ 3.40GHz
flags		: fpu vme de pse tsc msr pae mce cx8 apic sep mtrr pge mca cmov pat pse36 clflush dts acpi mmx fxsr sse sse2 ss ht tm pbe syscall nx rdtscp lm constant_tsc arch_perfmon pebs bts rep_good nopl xtopology nonstop_tsc aperfmperf eagerfpu pni pclmulqdq dtes64 monitor ds_cpl vmx smx est tm2 ssse3 cx16 xtpr pdcm pcid sse4_1 sse4_2 x2apic popcnt tsc_deadline_timer aes xsave avx f16c rdrand lahf_lm epb tpr_shadow vnmi flexpriority ept vpid fsgsbase smep erms xsaveopt dtherm ida arat pln pts

Memory: 4k page, physical 16377980k(7824568k free), swap 15624188k(15624188k free)

vm_info: Java HotSpot(TM) 64-Bit Server VM (9.0.4+11) for linux-amd64 JRE (9.0.4+11), built on Dec 19 2017 18:12:19 by "mach5one" with gcc 4.9.2

END.
